  [1m[35m (0.1ms)[0m  [1m[35mDROP DATABASE IF EXISTS "Todo_development"[0m
  ↳ bin/rails:9
  [1m[35m (0.1ms)[0m  [1m[35mDROP DATABASE IF EXISTS "Todo_test"[0m
  ↳ bin/rails:9
  [1m[35m (322.9ms)[0m  [1m[35mCREATE DATABASE "Todo_development" ENCODING = 'unicode'[0m
  ↳ bin/rails:9
  [1m[35m (245.7ms)[0m  [1m[35mCREATE DATABASE "Todo_test" ENCODING = 'unicode'[0m
  ↳ bin/rails:9
  [1m[35m (5.4ms)[0m  [1m[35mCREATE TABLE "schema_migrations" ("version" character varying NOT NULL PRIMARY KEY)[0m
  ↳ bin/rails:9
  [1m[35m (3.9ms)[0m  [1m[35mCREATE TABLE "ar_internal_metadata" ("key" character varying NOT NULL PRIMARY KEY, "value" character varying, "created_at" timestamp NOT NULL, "updated_at" timestamp NOT NULL)[0m
  ↳ bin/rails:9
  [1m[35m (0.1ms)[0m  [1m[34mSELECT pg_try_advisory_lock(6585743112091172610)[0m
  ↳ bin/rails:9
  [1m[35m (0.2ms)[0m  [1m[34mSELECT "schema_migrations"."version" FROM "schema_migrations" ORDER BY "schema_migrations"."version" ASC[0m
  ↳ bin/rails:9
Migrating to CreateTodolists (20210524214435)
  [1m[35m (0.2ms)[0m  [1m[35mBEGIN[0m
  ↳ bin/rails:9
  [1m[35m (5.1ms)[0m  [1m[35mCREATE TABLE "todolists" ("id" bigserial primary key, "title" character varying NOT NULL, "body" character varying NOT NULL, "done" boolean NOT NULL, "created_at" timestamp NOT NULL, "updated_at" timestamp NOT NULL)[0m
  ↳ db/migrate/20210524214435_create_todolists.rb:3
  [1m[35m (2.1ms)[0m  [1m[35mCREATE  INDEX  "index_todolists_on_title" ON "todolists"  ("title")[0m
  ↳ db/migrate/20210524214435_create_todolists.rb:9
  [1m[36mActiveRecord::SchemaMigration Create (0.3ms)[0m  [1m[32mINSERT INTO "schema_migrations" ("version") VALUES ($1) RETURNING "version"[0m  [["version", "20210524214435"]]
  ↳ bin/rails:9
  [1m[35m (0.8ms)[0m  [1m[35mCOMMIT[0m
  ↳ bin/rails:9
  [1m[36mActiveRecord::InternalMetadata Load (0.2ms)[0m  [1m[34mSELECT  "ar_internal_metadata".* FROM "ar_internal_metadata" WHERE "ar_internal_metadata"."key" = $1 LIMIT $2[0m  [["key", "environment"], ["LIMIT", 1]]
  ↳ bin/rails:9
  [1m[35m (0.1ms)[0m  [1m[35mBEGIN[0m
  ↳ bin/rails:9
  [1m[36mActiveRecord::InternalMetadata Create (0.4ms)[0m  [1m[32mINSERT INTO "ar_internal_metadata" ("key", "value", "created_at", "updated_at") VALUES ($1, $2, $3, $4) RETURNING "key"[0m  [["key", "environment"], ["value", "development"], ["created_at", "2021-05-24 21:46:08.874681"], ["updated_at", "2021-05-24 21:46:08.874681"]]
  ↳ bin/rails:9
  [1m[35m (0.7ms)[0m  [1m[35mCOMMIT[0m
  ↳ bin/rails:9
  [1m[35m (0.2ms)[0m  [1m[34mSELECT pg_advisory_unlock(6585743112091172610)[0m
  ↳ bin/rails:9
  [1m[35m (0.3ms)[0m  [1m[34mSELECT "schema_migrations"."version" FROM "schema_migrations" ORDER BY "schema_migrations"."version" ASC[0m
  ↳ bin/rails:9
  [1m[36mTodolist Load (0.7ms)[0m  [1m[34mSELECT "todolists".* FROM "todolists"[0m
  [1m[36mTodolist Load (0.5ms)[0m  [1m[34mSELECT "todolists".* FROM "todolists"[0m
Started GET "/" for ::1 at 2021-05-24 18:11:50 -0400
  [1m[35m (0.3ms)[0m  [1m[34mSELECT "schema_migrations"."version" FROM "schema_migrations" ORDER BY "schema_migrations"."version" ASC[0m
  ↳ /home/brenda/.rbenv/versions/2.5.1/lib/ruby/gems/2.5.0/gems/activerecord-5.2.6/lib/active_record/log_subscriber.rb:98
Processing by StaticPagesController#root as HTML
  Rendering static_pages/root.html.erb within layouts/application
  Rendered static_pages/root.html.erb within layouts/application (0.8ms)
Completed 200 OK in 392ms (Views: 391.7ms | ActiveRecord: 0.0ms)


Started GET "/api/todos" for ::1 at 2021-05-24 18:13:00 -0400
  
ActionController::RoutingError (No route matches [GET] "/api/todos"):
  
actionpack (5.2.6) lib/action_dispatch/middleware/debug_exceptions.rb:65:in `call'
web-console (3.7.0) lib/web_console/middleware.rb:135:in `call_app'
web-console (3.7.0) lib/web_console/middleware.rb:30:in `block in call'
web-console (3.7.0) lib/web_console/middleware.rb:20:in `catch'
web-console (3.7.0) lib/web_console/middleware.rb:20:in `call'
actionpack (5.2.6) lib/action_dispatch/middleware/show_exceptions.rb:33:in `call'
railties (5.2.6) lib/rails/rack/logger.rb:38:in `call_app'
railties (5.2.6) lib/rails/rack/logger.rb:26:in `block in call'
activesupport (5.2.6) lib/active_support/tagged_logging.rb:71:in `block in tagged'
activesupport (5.2.6) lib/active_support/tagged_logging.rb:28:in `tagged'
activesupport (5.2.6) lib/active_support/tagged_logging.rb:71:in `tagged'
railties (5.2.6) lib/rails/rack/logger.rb:26:in `call'
sprockets-rails (3.2.2) lib/sprockets/rails/quiet_assets.rb:13:in `call'
actionpack (5.2.6) lib/action_dispatch/middleware/remote_ip.rb:81:in `call'
actionpack (5.2.6) lib/action_dispatch/middleware/request_id.rb:27:in `call'
rack (2.2.3) lib/rack/method_override.rb:24:in `call'
rack (2.2.3) lib/rack/runtime.rb:22:in `call'
activesupport (5.2.6) lib/active_support/cache/strategy/local_cache_middleware.rb:29:in `call'
actionpack (5.2.6) lib/action_dispatch/middleware/executor.rb:14:in `call'
actionpack (5.2.6) lib/action_dispatch/middleware/static.rb:127:in `call'
rack (2.2.3) lib/rack/sendfile.rb:110:in `call'
railties (5.2.6) lib/rails/engine.rb:524:in `call'
puma (3.12.6) lib/puma/configuration.rb:227:in `call'
puma (3.12.6) lib/puma/server.rb:706:in `handle_request'
puma (3.12.6) lib/puma/server.rb:476:in `process_client'
puma (3.12.6) lib/puma/server.rb:334:in `block in run'
puma (3.12.6) lib/puma/thread_pool.rb:135:in `block in spawn_thread'
Started GET "/api/todolists" for ::1 at 2021-05-24 18:13:41 -0400
Processing by Api::TodolistsController#index as JSON
  [1m[36mTodolist Load (0.4ms)[0m  [1m[34mSELECT "todolists".* FROM "todolists"[0m
  ↳ app/controllers/api/todolists_controller.rb:8
Completed 200 OK in 3ms (Views: 0.9ms | ActiveRecord: 1.4ms)


Started GET "/api/todolist" for ::1 at 2021-05-24 18:13:49 -0400
  
ActionController::RoutingError (No route matches [GET] "/api/todolist"):
  
actionpack (5.2.6) lib/action_dispatch/middleware/debug_exceptions.rb:65:in `call'
web-console (3.7.0) lib/web_console/middleware.rb:135:in `call_app'
web-console (3.7.0) lib/web_console/middleware.rb:30:in `block in call'
web-console (3.7.0) lib/web_console/middleware.rb:20:in `catch'
web-console (3.7.0) lib/web_console/middleware.rb:20:in `call'
actionpack (5.2.6) lib/action_dispatch/middleware/show_exceptions.rb:33:in `call'
railties (5.2.6) lib/rails/rack/logger.rb:38:in `call_app'
railties (5.2.6) lib/rails/rack/logger.rb:26:in `block in call'
activesupport (5.2.6) lib/active_support/tagged_logging.rb:71:in `block in tagged'
activesupport (5.2.6) lib/active_support/tagged_logging.rb:28:in `tagged'
activesupport (5.2.6) lib/active_support/tagged_logging.rb:71:in `tagged'
railties (5.2.6) lib/rails/rack/logger.rb:26:in `call'
sprockets-rails (3.2.2) lib/sprockets/rails/quiet_assets.rb:13:in `call'
actionpack (5.2.6) lib/action_dispatch/middleware/remote_ip.rb:81:in `call'
actionpack (5.2.6) lib/action_dispatch/middleware/request_id.rb:27:in `call'
rack (2.2.3) lib/rack/method_override.rb:24:in `call'
rack (2.2.3) lib/rack/runtime.rb:22:in `call'
activesupport (5.2.6) lib/active_support/cache/strategy/local_cache_middleware.rb:29:in `call'
actionpack (5.2.6) lib/action_dispatch/middleware/executor.rb:14:in `call'
actionpack (5.2.6) lib/action_dispatch/middleware/static.rb:127:in `call'
rack (2.2.3) lib/rack/sendfile.rb:110:in `call'
railties (5.2.6) lib/rails/engine.rb:524:in `call'
puma (3.12.6) lib/puma/configuration.rb:227:in `call'
puma (3.12.6) lib/puma/server.rb:706:in `handle_request'
puma (3.12.6) lib/puma/server.rb:476:in `process_client'
puma (3.12.6) lib/puma/server.rb:334:in `block in run'
puma (3.12.6) lib/puma/thread_pool.rb:135:in `block in spawn_thread'
Started GET "/api/todolists" for ::1 at 2021-05-24 18:13:53 -0400
Processing by Api::TodolistsController#index as JSON
  [1m[36mTodolist Load (0.2ms)[0m  [1m[34mSELECT "todolists".* FROM "todolists"[0m
  ↳ app/controllers/api/todolists_controller.rb:8
Completed 200 OK in 1ms (Views: 0.6ms | ActiveRecord: 0.2ms)


Started GET "/api/todolists" for ::1 at 2021-05-24 18:14:11 -0400
Processing by Api::TodolistsController#index as JSON
  [1m[36mTodolist Load (0.2ms)[0m  [1m[34mSELECT "todolists".* FROM "todolists"[0m
  ↳ app/controllers/api/todolists_controller.rb:8
Completed 200 OK in 1ms (Views: 0.7ms | ActiveRecord: 0.2ms)


Started GET "/" for ::1 at 2021-05-24 18:14:58 -0400
Processing by StaticPagesController#root as HTML
  Rendering static_pages/root.html.erb within layouts/application
  Rendered static_pages/root.html.erb within layouts/application (0.2ms)
Completed 200 OK in 11ms (Views: 10.4ms | ActiveRecord: 0.0ms)


Started GET "/api/todolists" for ::1 at 2021-05-24 18:15:11 -0400
Processing by Api::TodolistsController#index as JSON
  [1m[36mTodolist Load (0.4ms)[0m  [1m[34mSELECT "todolists".* FROM "todolists"[0m
  ↳ app/controllers/api/todolists_controller.rb:8
Completed 200 OK in 2ms (Views: 1.3ms | ActiveRecord: 0.4ms)


Started GET "/" for ::1 at 2021-05-24 18:26:09 -0400
Processing by StaticPagesController#root as HTML
  Rendering static_pages/root.html.erb within layouts/application
  Rendered static_pages/root.html.erb within layouts/application (0.4ms)
Completed 200 OK in 14ms (Views: 13.0ms | ActiveRecord: 0.0ms)


Started GET "/" for ::1 at 2021-05-24 18:26:10 -0400
Processing by StaticPagesController#root as HTML
  Rendering static_pages/root.html.erb within layouts/application
  Rendered static_pages/root.html.erb within layouts/application (0.2ms)
Completed 200 OK in 14ms (Views: 13.6ms | ActiveRecord: 0.0ms)


Started GET "/" for ::1 at 2021-05-24 18:32:16 -0400
Processing by StaticPagesController#root as HTML
  Rendering static_pages/root.html.erb within layouts/application
  Rendered static_pages/root.html.erb within layouts/application (0.2ms)
Completed 200 OK in 91ms (Views: 90.5ms | ActiveRecord: 0.0ms)


Started GET "/" for ::1 at 2021-05-24 18:32:18 -0400
Processing by StaticPagesController#root as HTML
  Rendering static_pages/root.html.erb within layouts/application
  Rendered static_pages/root.html.erb within layouts/application (0.2ms)
Completed 200 OK in 19ms (Views: 18.3ms | ActiveRecord: 0.0ms)


Started GET "/" for ::1 at 2021-05-24 18:33:32 -0400
Processing by StaticPagesController#root as HTML
  Rendering static_pages/root.html.erb within layouts/application
  Rendered static_pages/root.html.erb within layouts/application (0.4ms)
Completed 200 OK in 22ms (Views: 21.3ms | ActiveRecord: 0.0ms)


Started GET "/" for ::1 at 2021-05-24 18:35:01 -0400
Processing by StaticPagesController#root as HTML
  Rendering static_pages/root.html.erb within layouts/application
  Rendered static_pages/root.html.erb within layouts/application (0.3ms)
Completed 200 OK in 20ms (Views: 19.7ms | ActiveRecord: 0.0ms)


Started GET "/" for ::1 at 2021-05-24 18:35:01 -0400
Processing by StaticPagesController#root as HTML
  Rendering static_pages/root.html.erb within layouts/application
  Rendered static_pages/root.html.erb within layouts/application (0.2ms)
Completed 200 OK in 10ms (Views: 9.7ms | ActiveRecord: 0.0ms)


Started GET "/" for ::1 at 2021-05-24 18:35:43 -0400
Processing by StaticPagesController#root as HTML
  Rendering static_pages/root.html.erb within layouts/application
  Rendered static_pages/root.html.erb within layouts/application (0.2ms)
Completed 200 OK in 10ms (Views: 10.0ms | ActiveRecord: 0.0ms)


Started GET "/" for ::1 at 2021-05-24 18:35:44 -0400
Processing by StaticPagesController#root as HTML
  Rendering static_pages/root.html.erb within layouts/application
  Rendered static_pages/root.html.erb within layouts/application (0.3ms)
Completed 200 OK in 10ms (Views: 9.7ms | ActiveRecord: 0.0ms)


Started GET "/" for ::1 at 2021-05-24 18:36:56 -0400
Processing by StaticPagesController#root as HTML
  Rendering static_pages/root.html.erb within layouts/application
  Rendered static_pages/root.html.erb within layouts/application (0.4ms)
Completed 200 OK in 12ms (Views: 11.6ms | ActiveRecord: 0.0ms)


Started GET "/" for ::1 at 2021-05-24 18:36:57 -0400
Processing by StaticPagesController#root as HTML
  Rendering static_pages/root.html.erb within layouts/application
  Rendered static_pages/root.html.erb within layouts/application (0.3ms)
Completed 200 OK in 12ms (Views: 11.2ms | ActiveRecord: 0.0ms)


Started GET "/" for ::1 at 2021-05-24 18:36:59 -0400
Processing by StaticPagesController#root as HTML
  Rendering static_pages/root.html.erb within layouts/application
  Rendered static_pages/root.html.erb within layouts/application (0.3ms)
Completed 200 OK in 11ms (Views: 10.2ms | ActiveRecord: 0.0ms)


Started GET "/" for ::1 at 2021-05-24 18:37:00 -0400
Processing by StaticPagesController#root as HTML
  Rendering static_pages/root.html.erb within layouts/application
  Rendered static_pages/root.html.erb within layouts/application (0.2ms)
Completed 200 OK in 12ms (Views: 11.9ms | ActiveRecord: 0.0ms)


Started GET "/" for ::1 at 2021-05-24 18:39:14 -0400
Processing by StaticPagesController#root as HTML
  Rendering static_pages/root.html.erb within layouts/application
  Rendered static_pages/root.html.erb within layouts/application (0.4ms)
Completed 200 OK in 13ms (Views: 12.8ms | ActiveRecord: 0.0ms)


Started GET "/" for ::1 at 2021-05-24 18:39:15 -0400
Processing by StaticPagesController#root as HTML
  Rendering static_pages/root.html.erb within layouts/application
  Rendered static_pages/root.html.erb within layouts/application (0.3ms)
Completed 200 OK in 11ms (Views: 10.5ms | ActiveRecord: 0.0ms)


Started GET "/" for ::1 at 2021-05-24 18:39:15 -0400
Processing by StaticPagesController#root as HTML
  Rendering static_pages/root.html.erb within layouts/application
  Rendered static_pages/root.html.erb within layouts/application (0.3ms)
Completed 200 OK in 17ms (Views: 16.8ms | ActiveRecord: 0.0ms)


  [1m[35m (0.7ms)[0m  [1m[35mDROP DATABASE IF EXISTS "Todo_development"[0m
  ↳ bin/rails:9
  [1m[35m (0.1ms)[0m  [1m[35mDROP DATABASE IF EXISTS "Todo_test"[0m
  ↳ bin/rails:9
  [1m[35m (249.1ms)[0m  [1m[35mCREATE DATABASE "Todo_development" ENCODING = 'unicode'[0m
  ↳ bin/rails:9
  [1m[35m (68.9ms)[0m  [1m[35mCREATE DATABASE "Todo_test" ENCODING = 'unicode'[0m
  ↳ bin/rails:9
  [1m[35mSQL (1.3ms)[0m  [1m[35mCREATE EXTENSION IF NOT EXISTS "plpgsql"[0m
  ↳ db/schema.rb:16
  [1m[35m (1.3ms)[0m  [1m[35mDROP TABLE IF EXISTS "todolists" CASCADE[0m
  ↳ db/schema.rb:18
  [1m[35m (27.2ms)[0m  [1m[35mCREATE TABLE "todolists" ("id" bigserial primary key, "title" character varying NOT NULL, "body" character varying NOT NULL, "done" boolean NOT NULL, "created_at" timestamp NOT NULL, "updated_at" timestamp NOT NULL)[0m
  ↳ db/schema.rb:18
  [1m[35m (1.9ms)[0m  [1m[35mCREATE  INDEX  "index_todolists_on_title" ON "todolists"  ("title")[0m
  ↳ db/schema.rb:18
  [1m[35m (3.6ms)[0m  [1m[35mCREATE TABLE "schema_migrations" ("version" character varying NOT NULL PRIMARY KEY)[0m
  ↳ db/schema.rb:13
  [1m[35m (0.6ms)[0m  [1m[34mSELECT "schema_migrations"."version" FROM "schema_migrations" ORDER BY "schema_migrations"."version" ASC[0m
  ↳ db/schema.rb:13
  [1m[35m (1.4ms)[0m  [1m[32mINSERT INTO "schema_migrations" (version) VALUES (20210524214435)[0m
  ↳ db/schema.rb:13
  [1m[35m (5.2ms)[0m  [1m[35mCREATE TABLE "ar_internal_metadata" ("key" character varying NOT NULL PRIMARY KEY, "value" character varying, "created_at" timestamp NOT NULL, "updated_at" timestamp NOT NULL)[0m
  ↳ db/schema.rb:13
  [1m[36mActiveRecord::InternalMetadata Load (0.3ms)[0m  [1m[34mSELECT  "ar_internal_metadata".* FROM "ar_internal_metadata" WHERE "ar_internal_metadata"."key" = $1 LIMIT $2[0m  [["key", "environment"], ["LIMIT", 1]]
  ↳ db/schema.rb:13
  [1m[35m (0.2ms)[0m  [1m[35mBEGIN[0m
  ↳ db/schema.rb:13
  [1m[36mActiveRecord::InternalMetadata Create (0.9ms)[0m  [1m[32mINSERT INTO "ar_internal_metadata" ("key", "value", "created_at", "updated_at") VALUES ($1, $2, $3, $4) RETURNING "key"[0m  [["key", "environment"], ["value", "development"], ["created_at", "2021-05-24 23:05:24.759083"], ["updated_at", "2021-05-24 23:05:24.759083"]]
  ↳ db/schema.rb:13
  [1m[35m (0.4ms)[0m  [1m[35mCOMMIT[0m
  ↳ db/schema.rb:13
  [1m[36mActiveRecord::InternalMetadata Load (0.2ms)[0m  [1m[34mSELECT  "ar_internal_metadata".* FROM "ar_internal_metadata" WHERE "ar_internal_metadata"."key" = $1 LIMIT $2[0m  [["key", "environment"], ["LIMIT", 1]]
  ↳ bin/rails:9
  [1m[35m (0.1ms)[0m  [1m[35mBEGIN[0m
  ↳ bin/rails:9
  [1m[35m (0.1ms)[0m  [1m[35mCOMMIT[0m
  ↳ bin/rails:9
  [1m[35mSQL (0.5ms)[0m  [1m[35mCREATE EXTENSION IF NOT EXISTS "plpgsql"[0m
  ↳ db/schema.rb:16
  [1m[35m (0.2ms)[0m  [1m[35mDROP TABLE IF EXISTS "todolists" CASCADE[0m
  ↳ db/schema.rb:18
  [1m[35m (9.3ms)[0m  [1m[35mCREATE TABLE "todolists" ("id" bigserial primary key, "title" character varying NOT NULL, "body" character varying NOT NULL, "done" boolean NOT NULL, "created_at" timestamp NOT NULL, "updated_at" timestamp NOT NULL)[0m
  ↳ db/schema.rb:18
  [1m[35m (2.8ms)[0m  [1m[35mCREATE  INDEX  "index_todolists_on_title" ON "todolists"  ("title")[0m
  ↳ db/schema.rb:18
  [1m[35m (3.9ms)[0m  [1m[35mCREATE TABLE "schema_migrations" ("version" character varying NOT NULL PRIMARY KEY)[0m
  ↳ db/schema.rb:13
  [1m[35m (3.7ms)[0m  [1m[34mSELECT "schema_migrations"."version" FROM "schema_migrations" ORDER BY "schema_migrations"."version" ASC[0m
  ↳ db/schema.rb:13
  [1m[35m (1.1ms)[0m  [1m[32mINSERT INTO "schema_migrations" (version) VALUES (20210524214435)[0m
  ↳ db/schema.rb:13
  [1m[35m (4.0ms)[0m  [1m[35mCREATE TABLE "ar_internal_metadata" ("key" character varying NOT NULL PRIMARY KEY, "value" character varying, "created_at" timestamp NOT NULL, "updated_at" timestamp NOT NULL)[0m
  ↳ db/schema.rb:13
  [1m[36mActiveRecord::InternalMetadata Load (0.3ms)[0m  [1m[34mSELECT  "ar_internal_metadata".* FROM "ar_internal_metadata" WHERE "ar_internal_metadata"."key" = $1 LIMIT $2[0m  [["key", "environment"], ["LIMIT", 1]]
  ↳ db/schema.rb:13
  [1m[35m (0.1ms)[0m  [1m[35mBEGIN[0m
  ↳ db/schema.rb:13
  [1m[36mActiveRecord::InternalMetadata Create (0.3ms)[0m  [1m[32mINSERT INTO "ar_internal_metadata" ("key", "value", "created_at", "updated_at") VALUES ($1, $2, $3, $4) RETURNING "key"[0m  [["key", "environment"], ["value", "development"], ["created_at", "2021-05-24 23:05:24.839860"], ["updated_at", "2021-05-24 23:05:24.839860"]]
  ↳ db/schema.rb:13
  [1m[35m (0.6ms)[0m  [1m[35mCOMMIT[0m
  ↳ db/schema.rb:13
  [1m[36mActiveRecord::InternalMetadata Load (0.3ms)[0m  [1m[34mSELECT  "ar_internal_metadata".* FROM "ar_internal_metadata" WHERE "ar_internal_metadata"."key" = $1 LIMIT $2[0m  [["key", "environment"], ["LIMIT", 1]]
  ↳ bin/rails:9
  [1m[35m (0.3ms)[0m  [1m[35mBEGIN[0m
  ↳ bin/rails:9
  [1m[36mActiveRecord::InternalMetadata Update (0.5ms)[0m  [1m[33mUPDATE "ar_internal_metadata" SET "value" = $1, "updated_at" = $2 WHERE "ar_internal_metadata"."key" = $3[0m  [["value", "test"], ["updated_at", "2021-05-24 23:05:24.844598"], ["key", "environment"]]
  ↳ bin/rails:9
  [1m[35m (0.4ms)[0m  [1m[35mCOMMIT[0m
  ↳ bin/rails:9
  [1m[35m (0.8ms)[0m  [1m[34mSELECT "schema_migrations"."version" FROM "schema_migrations" ORDER BY "schema_migrations"."version" ASC[0m
  ↳ bin/rails:9
  [1m[35m (0.1ms)[0m  [1m[35mBEGIN[0m
  ↳ db/seeds.rb:8
  [1m[36mTodolist Load (0.8ms)[0m  [1m[34mSELECT "todolists".* FROM "todolists"[0m
  ↳ db/seeds.rb:9
  [1m[36mTodolist Create (0.8ms)[0m  [1m[32mINSERT INTO "todolists" ("title", "body", "done", "created_at", "updated_at") VALUES ($1, $2, $3, $4, $5) RETURNING "id"[0m  [["title", "One: Grocery Shopping"], ["body", "Need to buy icecream"], ["done", false], ["created_at", "2021-05-24 23:05:24.897876"], ["updated_at", "2021-05-24 23:05:24.897876"]]
  ↳ db/seeds.rb:11
  [1m[36mTodolist Create (0.3ms)[0m  [1m[32mINSERT INTO "todolists" ("title", "body", "done", "created_at", "updated_at") VALUES ($1, $2, $3, $4, $5) RETURNING "id"[0m  [["title", "Two: Walk dog"], ["body", "Go pooping"], ["done", false], ["created_at", "2021-05-24 23:05:24.899467"], ["updated_at", "2021-05-24 23:05:24.899467"]]
  ↳ db/seeds.rb:12
  [1m[36mTodolist Create (0.3ms)[0m  [1m[32mINSERT INTO "todolists" ("title", "body", "done", "created_at", "updated_at") VALUES ($1, $2, $3, $4, $5) RETURNING "id"[0m  [["title", "Three: Go to sleep"], ["body", "My brain hurts"], ["done", true], ["created_at", "2021-05-24 23:05:24.900350"], ["updated_at", "2021-05-24 23:05:24.900350"]]
  ↳ db/seeds.rb:13
  [1m[35m (0.5ms)[0m  [1m[35mCOMMIT[0m
  ↳ db/seeds.rb:8
Started GET "/" for ::1 at 2021-05-24 16:05:48 -0700
  [1m[35m (1.3ms)[0m  [1m[34mSELECT "schema_migrations"."version" FROM "schema_migrations" ORDER BY "schema_migrations"."version" ASC[0m
  ↳ /Users/ying/.rbenv/versions/2.5.1/lib/ruby/gems/2.5.0/gems/activerecord-5.2.6/lib/active_record/log_subscriber.rb:98
Processing by StaticPagesController#root as HTML
  Rendering static_pages/root.html.erb within layouts/application
  Rendered static_pages/root.html.erb within layouts/application (4.8ms)
Completed 200 OK in 2869ms (Views: 2864.0ms | ActiveRecord: 0.0ms)


Started GET "/" for ::1 at 2021-05-24 16:08:51 -0700
Processing by StaticPagesController#root as HTML
  Rendering static_pages/root.html.erb within layouts/application
  Rendered static_pages/root.html.erb within layouts/application (0.2ms)
Completed 200 OK in 42ms (Views: 32.5ms | ActiveRecord: 0.0ms)


Started GET "/" for ::1 at 2021-05-24 16:13:50 -0700
  [1m[35m (0.7ms)[0m  [1m[34mSELECT "schema_migrations"."version" FROM "schema_migrations" ORDER BY "schema_migrations"."version" ASC[0m
  ↳ /Users/ying/.rbenv/versions/2.5.1/lib/ruby/gems/2.5.0/gems/activerecord-5.2.6/lib/active_record/log_subscriber.rb:98
Processing by StaticPagesController#root as HTML
  Rendering static_pages/root.html.erb within layouts/application
  Rendered static_pages/root.html.erb within layouts/application (1.7ms)
Completed 200 OK in 3108ms (Views: 3107.4ms | ActiveRecord: 0.0ms)


Started GET "/" for ::1 at 2021-05-24 16:14:01 -0700
Processing by StaticPagesController#root as HTML
  Rendering static_pages/root.html.erb within layouts/application
  Rendered static_pages/root.html.erb within layouts/application (0.4ms)
Completed 200 OK in 40ms (Views: 40.2ms | ActiveRecord: 0.0ms)


Started GET "/" for ::1 at 2021-05-24 16:16:10 -0700
  [1m[35m (1.5ms)[0m  [1m[34mSELECT "schema_migrations"."version" FROM "schema_migrations" ORDER BY "schema_migrations"."version" ASC[0m
  ↳ /Users/ying/.rbenv/versions/2.5.1/lib/ruby/gems/2.5.0/gems/activerecord-5.2.6/lib/active_record/log_subscriber.rb:98
Processing by StaticPagesController#root as HTML
  Rendering static_pages/root.html.erb within layouts/application
  Rendered static_pages/root.html.erb within layouts/application (3.2ms)
Completed 200 OK in 1268ms (Views: 1265.3ms | ActiveRecord: 0.0ms)


Started GET "/" for ::1 at 2021-05-24 16:16:14 -0700
Processing by StaticPagesController#root as HTML
  Rendering static_pages/root.html.erb within layouts/application
  Rendered static_pages/root.html.erb within layouts/application (0.3ms)
Completed 200 OK in 52ms (Views: 51.4ms | ActiveRecord: 0.0ms)


Started GET "/" for ::1 at 2021-05-24 16:16:49 -0700
  [1m[35m (0.8ms)[0m  [1m[34mSELECT "schema_migrations"."version" FROM "schema_migrations" ORDER BY "schema_migrations"."version" ASC[0m
  ↳ /Users/ying/.rbenv/versions/2.5.1/lib/ruby/gems/2.5.0/gems/activerecord-5.2.6/lib/active_record/log_subscriber.rb:98
Processing by StaticPagesController#root as HTML
  Rendering static_pages/root.html.erb within layouts/application
  Rendered static_pages/root.html.erb within layouts/application (2.5ms)
Completed 200 OK in 1160ms (Views: 1156.6ms | ActiveRecord: 0.0ms)


Started GET "/" for ::1 at 2021-05-24 16:34:38 -0700
Processing by StaticPagesController#root as HTML
  Rendering static_pages/root.html.erb within layouts/application
  Rendered static_pages/root.html.erb within layouts/application (1.6ms)
Completed 200 OK in 98ms (Views: 87.2ms | ActiveRecord: 0.0ms)


Started GET "/" for ::1 at 2021-05-24 16:43:24 -0700
Processing by StaticPagesController#root as HTML
  Rendering static_pages/root.html.erb within layouts/application
  Rendered static_pages/root.html.erb within layouts/application (0.3ms)
Completed 200 OK in 993ms (Views: 983.8ms | ActiveRecord: 0.0ms)


