  [1m[35m (1951.0ms)[0m  [1m[35mCREATE DATABASE "RedditClone_development" ENCODING = 'unicode'[0m
  ↳ bin/rails:9
  [1m[35m (1532.4ms)[0m  [1m[35mCREATE DATABASE "RedditClone_test" ENCODING = 'unicode'[0m
  ↳ bin/rails:9
  [1m[35m (25.3ms)[0m  [1m[35mCREATE TABLE "schema_migrations" ("version" character varying NOT NULL PRIMARY KEY)[0m
  ↳ bin/rails:9
  [1m[35m (7.5ms)[0m  [1m[35mCREATE TABLE "ar_internal_metadata" ("key" character varying NOT NULL PRIMARY KEY, "value" character varying, "created_at" timestamp NOT NULL, "updated_at" timestamp NOT NULL)[0m
  ↳ bin/rails:9
  [1m[35m (0.2ms)[0m  [1m[34mSELECT pg_try_advisory_lock(6711173107426626090)[0m
  ↳ bin/rails:9
  [1m[35m (5.4ms)[0m  [1m[34mSELECT "schema_migrations"."version" FROM "schema_migrations" ORDER BY "schema_migrations"."version" ASC[0m
  ↳ bin/rails:9
Migrating to CreateUsers (20210503171253)
  [1m[35m (0.2ms)[0m  [1m[35mBEGIN[0m
  ↳ bin/rails:9
  [1m[35m (9.4ms)[0m  [1m[35mCREATE TABLE "users" ("id" bigserial primary key, "username" character varying NOT NULL, "session_token" character varying NOT NULL, "password_digest" character varying NOT NULL, "created_at" timestamp NOT NULL, "updated_at" timestamp NOT NULL)[0m
  ↳ db/migrate/20210503171253_create_users.rb:3
  [1m[35m (3.4ms)[0m  [1m[35mCREATE UNIQUE INDEX  "index_users_on_username" ON "users"  ("username")[0m
  ↳ db/migrate/20210503171253_create_users.rb:11
  [1m[35m (4.9ms)[0m  [1m[35mCREATE UNIQUE INDEX  "index_users_on_session_token" ON "users"  ("session_token")[0m
  ↳ db/migrate/20210503171253_create_users.rb:12
  [1m[36mActiveRecord::SchemaMigration Create (1.0ms)[0m  [1m[32mINSERT INTO "schema_migrations" ("version") VALUES ($1) RETURNING "version"[0m  [["version", "20210503171253"]]
  ↳ bin/rails:9
  [1m[35m (0.7ms)[0m  [1m[35mCOMMIT[0m
  ↳ bin/rails:9
  [1m[36mActiveRecord::InternalMetadata Load (7.3ms)[0m  [1m[34mSELECT  "ar_internal_metadata".* FROM "ar_internal_metadata" WHERE "ar_internal_metadata"."key" = $1 LIMIT $2[0m  [["key", "environment"], ["LIMIT", 1]]
  ↳ bin/rails:9
  [1m[35m (0.1ms)[0m  [1m[35mBEGIN[0m
  ↳ bin/rails:9
  [1m[36mActiveRecord::InternalMetadata Create (0.6ms)[0m  [1m[32mINSERT INTO "ar_internal_metadata" ("key", "value", "created_at", "updated_at") VALUES ($1, $2, $3, $4) RETURNING "key"[0m  [["key", "environment"], ["value", "development"], ["created_at", "2021-05-03 17:15:31.996273"], ["updated_at", "2021-05-03 17:15:31.996273"]]
  ↳ bin/rails:9
  [1m[35m (0.2ms)[0m  [1m[35mCOMMIT[0m
  ↳ bin/rails:9
  [1m[35m (0.2ms)[0m  [1m[34mSELECT pg_advisory_unlock(6711173107426626090)[0m
  ↳ bin/rails:9
  [1m[35m (0.3ms)[0m  [1m[34mSELECT "schema_migrations"."version" FROM "schema_migrations" ORDER BY "schema_migrations"."version" ASC[0m
  ↳ bin/rails:9
  [1m[35m (0.2ms)[0m  [1m[34mSELECT pg_try_advisory_lock(6711173107426626090)[0m
  ↳ bin/rails:9
  [1m[35m (0.9ms)[0m  [1m[34mSELECT "schema_migrations"."version" FROM "schema_migrations" ORDER BY "schema_migrations"."version" ASC[0m
  ↳ bin/rails:9
Migrating to CreateUsers (20210503171253)
  [1m[35m (0.1ms)[0m  [1m[35mBEGIN[0m
  ↳ bin/rails:9
  [1m[35m (36.0ms)[0m  [1m[35mCREATE TABLE "users" ("id" bigserial primary key, "username" character varying NOT NULL, "session_token" character varying NOT NULL, "password_digest" character varying NOT NULL, "created_at" timestamp NOT NULL, "updated_at" timestamp NOT NULL)[0m
  ↳ db/migrate/20210503171253_create_users.rb:3
  [1m[35m (2.2ms)[0m  [1m[35mCREATE UNIQUE INDEX  "index_users_on_username" ON "users"  ("username")[0m
  ↳ db/migrate/20210503171253_create_users.rb:11
  [1m[35m (9.4ms)[0m  [1m[35mCREATE UNIQUE INDEX  "index_users_on_session_token" ON "users"  ("session_token")[0m
  ↳ db/migrate/20210503171253_create_users.rb:12
  [1m[36mActiveRecord::SchemaMigration Create (0.4ms)[0m  [1m[32mINSERT INTO "schema_migrations" ("version") VALUES ($1) RETURNING "version"[0m  [["version", "20210503171253"]]
  ↳ bin/rails:9
  [1m[35m (0.6ms)[0m  [1m[35mCOMMIT[0m
  ↳ bin/rails:9
Migrating to CreateSubs (20210503180734)
  [1m[35m (7.8ms)[0m  [1m[35mBEGIN[0m
  ↳ bin/rails:9
  [1m[35m (19.7ms)[0m  [1m[35mCREATE TABLE "subs" ("id" bigserial primary key, "title" character varying NOT NULL, "description" text NOT NULL, "user_id" integer NOT NULL, "created_at" timestamp NOT NULL, "updated_at" timestamp NOT NULL)[0m
  ↳ db/migrate/20210503180734_create_subs.rb:3
  [1m[35m (1.2ms)[0m  [1m[35mCREATE  INDEX  "index_subs_on_user_id" ON "subs"  ("user_id")[0m
  ↳ db/migrate/20210503180734_create_subs.rb:9
  [1m[36mActiveRecord::SchemaMigration Create (3.3ms)[0m  [1m[32mINSERT INTO "schema_migrations" ("version") VALUES ($1) RETURNING "version"[0m  [["version", "20210503180734"]]
  ↳ bin/rails:9
  [1m[35m (9.1ms)[0m  [1m[35mCOMMIT[0m
  ↳ bin/rails:9
  [1m[36mActiveRecord::InternalMetadata Load (0.4ms)[0m  [1m[34mSELECT  "ar_internal_metadata".* FROM "ar_internal_metadata" WHERE "ar_internal_metadata"."key" = $1 LIMIT $2[0m  [["key", "environment"], ["LIMIT", 1]]
  ↳ bin/rails:9
  [1m[35m (0.2ms)[0m  [1m[35mBEGIN[0m
  ↳ bin/rails:9
  [1m[35m (0.1ms)[0m  [1m[35mCOMMIT[0m
  ↳ bin/rails:9
  [1m[35m (0.2ms)[0m  [1m[34mSELECT pg_advisory_unlock(6711173107426626090)[0m
  ↳ bin/rails:9
  [1m[35m (0.2ms)[0m  [1m[34mSELECT "schema_migrations"."version" FROM "schema_migrations" ORDER BY "schema_migrations"."version" ASC[0m
  ↳ bin/rails:9
Started GET "/" for ::1 at 2021-05-03 15:00:32 -0400
  [1m[35m (9.8ms)[0m  [1m[34mSELECT "schema_migrations"."version" FROM "schema_migrations" ORDER BY "schema_migrations"."version" ASC[0m
  ↳ /home/elijah_ally/.rbenv/versions/2.5.1/lib/ruby/gems/2.5.0/gems/activerecord-5.2.5/lib/active_record/log_subscriber.rb:98
  
ActiveRecord::PendingMigrationError (

Migrations are pending. To resolve this issue, run:

        bin/rails db:migrate RAILS_ENV=development

):
  
activerecord (5.2.5) lib/active_record/migration.rb:579:in `check_pending!'
activerecord (5.2.5) lib/active_record/migration.rb:556:in `call'
actionpack (5.2.5) lib/action_dispatch/middleware/callbacks.rb:28:in `block in call'
activesupport (5.2.5) lib/active_support/callbacks.rb:98:in `run_callbacks'
actionpack (5.2.5) lib/action_dispatch/middleware/callbacks.rb:26:in `call'
actionpack (5.2.5) lib/action_dispatch/middleware/executor.rb:14:in `call'
actionpack (5.2.5) lib/action_dispatch/middleware/debug_exceptions.rb:61:in `call'
web-console (3.7.0) lib/web_console/middleware.rb:135:in `call_app'
web-console (3.7.0) lib/web_console/middleware.rb:30:in `block in call'
web-console (3.7.0) lib/web_console/middleware.rb:20:in `catch'
web-console (3.7.0) lib/web_console/middleware.rb:20:in `call'
actionpack (5.2.5) lib/action_dispatch/middleware/show_exceptions.rb:33:in `call'
railties (5.2.5) lib/rails/rack/logger.rb:38:in `call_app'
railties (5.2.5) lib/rails/rack/logger.rb:26:in `block in call'
activesupport (5.2.5) lib/active_support/tagged_logging.rb:71:in `block in tagged'
activesupport (5.2.5) lib/active_support/tagged_logging.rb:28:in `tagged'
activesupport (5.2.5) lib/active_support/tagged_logging.rb:71:in `tagged'
railties (5.2.5) lib/rails/rack/logger.rb:26:in `call'
sprockets-rails (3.2.2) lib/sprockets/rails/quiet_assets.rb:13:in `call'
actionpack (5.2.5) lib/action_dispatch/middleware/remote_ip.rb:81:in `call'
actionpack (5.2.5) lib/action_dispatch/middleware/request_id.rb:27:in `call'
rack (2.2.3) lib/rack/method_override.rb:24:in `call'
rack (2.2.3) lib/rack/runtime.rb:22:in `call'
activesupport (5.2.5) lib/active_support/cache/strategy/local_cache_middleware.rb:29:in `call'
actionpack (5.2.5) lib/action_dispatch/middleware/executor.rb:14:in `call'
actionpack (5.2.5) lib/action_dispatch/middleware/static.rb:127:in `call'
rack (2.2.3) lib/rack/sendfile.rb:110:in `call'
railties (5.2.5) lib/rails/engine.rb:524:in `call'
puma (3.12.6) lib/puma/configuration.rb:227:in `call'
puma (3.12.6) lib/puma/server.rb:706:in `handle_request'
puma (3.12.6) lib/puma/server.rb:476:in `process_client'
puma (3.12.6) lib/puma/server.rb:334:in `block in run'
puma (3.12.6) lib/puma/thread_pool.rb:135:in `block in spawn_thread'
  [1m[35m (0.8ms)[0m  [1m[34mSELECT "schema_migrations"."version" FROM "schema_migrations" ORDER BY "schema_migrations"."version" ASC[0m
  ↳ bin/rails:9
  [1m[35m (0.2ms)[0m  [1m[34mSELECT pg_try_advisory_lock(6711173107426626090)[0m
  ↳ bin/rails:9
  [1m[35m (0.6ms)[0m  [1m[34mSELECT "schema_migrations"."version" FROM "schema_migrations" ORDER BY "schema_migrations"."version" ASC[0m
  ↳ bin/rails:9
Migrating to CreateSubs (20210503180734)
  [1m[35m (0.2ms)[0m  [1m[35mBEGIN[0m
  ↳ bin/rails:9
  [1m[35m (50.7ms)[0m  [1m[35mCREATE TABLE "subs" ("id" bigserial primary key, "title" character varying NOT NULL, "description" text NOT NULL, "user_id" integer NOT NULL, "created_at" timestamp NOT NULL, "updated_at" timestamp NOT NULL)[0m
  ↳ db/migrate/20210503180734_create_subs.rb:3
  [1m[35m (2.8ms)[0m  [1m[35mCREATE  INDEX  "index_subs_on_user_id" ON "subs"  ("user_id")[0m
  ↳ db/migrate/20210503180734_create_subs.rb:9
  [1m[36mActiveRecord::SchemaMigration Create (0.4ms)[0m  [1m[32mINSERT INTO "schema_migrations" ("version") VALUES ($1) RETURNING "version"[0m  [["version", "20210503180734"]]
  ↳ bin/rails:9
  [1m[35m (6.4ms)[0m  [1m[35mCOMMIT[0m
  ↳ bin/rails:9
  [1m[36mActiveRecord::InternalMetadata Load (11.9ms)[0m  [1m[34mSELECT  "ar_internal_metadata".* FROM "ar_internal_metadata" WHERE "ar_internal_metadata"."key" = $1 LIMIT $2[0m  [["key", "environment"], ["LIMIT", 1]]
  ↳ bin/rails:9
  [1m[35m (0.2ms)[0m  [1m[35mBEGIN[0m
  ↳ bin/rails:9
  [1m[35m (0.2ms)[0m  [1m[35mCOMMIT[0m
  ↳ bin/rails:9
  [1m[35m (0.2ms)[0m  [1m[34mSELECT pg_advisory_unlock(6711173107426626090)[0m
  ↳ bin/rails:9
  [1m[35m (0.3ms)[0m  [1m[34mSELECT "schema_migrations"."version" FROM "schema_migrations" ORDER BY "schema_migrations"."version" ASC[0m
  ↳ bin/rails:9
Started GET "/" for ::1 at 2021-05-03 15:01:26 -0400
  [1m[35m (1.0ms)[0m  [1m[34mSELECT "schema_migrations"."version" FROM "schema_migrations" ORDER BY "schema_migrations"."version" ASC[0m
  ↳ /home/elijah_ally/.rbenv/versions/2.5.1/lib/ruby/gems/2.5.0/gems/activerecord-5.2.5/lib/active_record/log_subscriber.rb:98
Processing by Rails::WelcomeController#index as HTML
  Rendering /home/elijah_ally/.rbenv/versions/2.5.1/lib/ruby/gems/2.5.0/gems/railties-5.2.5/lib/rails/templates/rails/welcome/index.html.erb
  Rendered /home/elijah_ally/.rbenv/versions/2.5.1/lib/ruby/gems/2.5.0/gems/railties-5.2.5/lib/rails/templates/rails/welcome/index.html.erb (4.1ms)
Completed 200 OK in 36ms (Views: 10.2ms | ActiveRecord: 0.0ms)


Started GET "/users/new" for ::1 at 2021-05-03 15:02:16 -0400
Processing by UsersController#new as HTML
  Rendering users/new.html.erb within layouts/application
  Rendered users/new.html.erb within layouts/application (0.6ms)
  [1m[36mUser Load (17.4ms)[0m  [1m[34mSELECT  "users".* FROM "users" WHERE "users"."session_token" IS NULL LIMIT $1[0m  [["LIMIT", 1]]
  ↳ app/controllers/application_controller.rb:5
Completed 200 OK in 1101ms (Views: 1064.7ms | ActiveRecord: 22.2ms)


Started POST "/users" for ::1 at 2021-05-03 15:02:34 -0400
Processing by UsersController#create as HTML
  Parameters: {"authenticity_token"=>"f8jTwC9eolxkYiZOfJifqItG7KJGHGJRsI1nb18hlq5jTl8zwS8WMQEmI3WQregu0ox8Cra5Dao4TIrY9uIM6w", "user"=>{"username"=>"rando", "password"=>"[FILTERED]"}}
  [1m[35m (0.1ms)[0m  [1m[35mBEGIN[0m
  ↳ app/controllers/users_controller.rb:12
  [1m[36mUser Exists (0.9ms)[0m  [1m[34mSELECT  1 AS one FROM "users" WHERE "users"."username" = $1 LIMIT $2[0m  [["username", "rando"], ["LIMIT", 1]]
  ↳ app/controllers/users_controller.rb:12
  [1m[36mUser Create (1.1ms)[0m  [1m[32mINSERT INTO "users" ("username", "session_token", "password_digest", "created_at", "updated_at") VALUES ($1, $2, $3, $4, $5) RETURNING "id"[0m  [["username", "rando"], ["session_token", "m9eTMY7yeaDOEb30niQwgA"], ["password_digest", "$2a$12$N8xk1NiEhlQdsWUfVyhhC.Fp0VIzDVDiBi4AS9zdpOYm3vRO6vMCq"], ["created_at", "2021-05-03 19:02:34.626707"], ["updated_at", "2021-05-03 19:02:34.626707"]]
  ↳ app/controllers/users_controller.rb:12
  [1m[35m (7.8ms)[0m  [1m[35mCOMMIT[0m
  ↳ app/controllers/users_controller.rb:12
  [1m[35m (0.7ms)[0m  [1m[35mBEGIN[0m
  ↳ app/models/user.rb:23
  [1m[36mUser Exists (1.4ms)[0m  [1m[34mSELECT  1 AS one FROM "users" WHERE "users"."username" = $1 AND "users"."id" != $2 LIMIT $3[0m  [["username", "rando"], ["id", 1], ["LIMIT", 1]]
  ↳ app/models/user.rb:23
  [1m[36mUser Update (0.6ms)[0m  [1m[33mUPDATE "users" SET "session_token" = $1, "updated_at" = $2 WHERE "users"."id" = $3[0m  [["session_token", "N6nBDydxEHZOukkuHx-ZSA"], ["updated_at", "2021-05-03 19:02:34.642890"], ["id", 1]]
  ↳ app/models/user.rb:23
  [1m[35m (0.4ms)[0m  [1m[35mCOMMIT[0m
  ↳ app/models/user.rb:23
Redirected to http://localhost:3000/users
Completed 302 Found in 234ms (ActiveRecord: 21.6ms)


Started GET "/users" for ::1 at 2021-05-03 15:02:34 -0400
Processing by UsersController#index as HTML
  [1m[36mUser Load (0.4ms)[0m  [1m[34mSELECT  "users".* FROM "users" WHERE "users"."session_token" = $1 LIMIT $2[0m  [["session_token", "N6nBDydxEHZOukkuHx-ZSA"], ["LIMIT", 1]]
  ↳ app/controllers/application_controller.rb:5
  Rendering users/index.html.erb within layouts/application
  [1m[36mUser Load (0.4ms)[0m  [1m[34mSELECT "users".* FROM "users"[0m
  ↳ app/views/users/index.html.erb:3
  Rendered users/index.html.erb within layouts/application (2.6ms)
Completed 200 OK in 42ms (Views: 37.0ms | ActiveRecord: 1.0ms)


Started GET "/users/1" for ::1 at 2021-05-03 15:02:41 -0400
Processing by UsersController#show as HTML
  Parameters: {"id"=>"1"}
  [1m[36mUser Load (0.4ms)[0m  [1m[34mSELECT  "users".* FROM "users" WHERE "users"."session_token" = $1 LIMIT $2[0m  [["session_token", "N6nBDydxEHZOukkuHx-ZSA"], ["LIMIT", 1]]
  ↳ app/controllers/application_controller.rb:5
  [1m[36mUser Load (0.5ms)[0m  [1m[34mSELECT  "users".* FROM "users" WHERE "users"."id" = $1 LIMIT $2[0m  [["id", 1], ["LIMIT", 1]]
  ↳ app/controllers/users_controller.rb:27
  Rendering users/show.html.erb within layouts/application
  Rendered users/show.html.erb within layouts/application (0.3ms)
Completed 200 OK in 38ms (Views: 33.7ms | ActiveRecord: 0.8ms)


Started GET "/users/1" for ::1 at 2021-05-03 15:05:20 -0400
Processing by UsersController#show as HTML
  Parameters: {"id"=>"1"}
  [1m[36mUser Load (1.7ms)[0m  [1m[34mSELECT  "users".* FROM "users" WHERE "users"."session_token" = $1 LIMIT $2[0m  [["session_token", "N6nBDydxEHZOukkuHx-ZSA"], ["LIMIT", 1]]
  ↳ app/controllers/application_controller.rb:5
  [1m[36mUser Load (0.7ms)[0m  [1m[34mSELECT  "users".* FROM "users" WHERE "users"."id" = $1 LIMIT $2[0m  [["id", 1], ["LIMIT", 1]]
  ↳ app/controllers/users_controller.rb:27
  Rendering users/show.html.erb within layouts/application
  Rendered users/show.html.erb within layouts/application (0.4ms)
Completed 200 OK in 31ms (Views: 24.7ms | ActiveRecord: 2.4ms)


Started GET "/subs/new" for ::1 at 2021-05-03 15:05:22 -0400
Processing by SubsController#new as HTML
  [1m[36mUser Load (0.7ms)[0m  [1m[34mSELECT  "users".* FROM "users" WHERE "users"."session_token" = $1 LIMIT $2[0m  [["session_token", "N6nBDydxEHZOukkuHx-ZSA"], ["LIMIT", 1]]
  ↳ app/controllers/application_controller.rb:5
  Rendering subs/new.html.erb within layouts/application
  Rendered subs/new.html.erb within layouts/application (3.0ms)
Completed 500 Internal Server Error in 22ms (ActiveRecord: 3.8ms)


  
ActionView::Template::Error (No route matches {:action=>"create", :controller=>"subs", :user_id=>nil}, missing required keys: [:user_id]):
    1: <h1>Create A Sub</h1>
    2: 
    3: 
    4: <form action="<%= user_subs_url(@user) %>" method="POST">
    5:     <input type="hidden" name="authenticity_token" value="<%= form_authenticity_token %>">
    6: 
    7:     <label>Title:
  
app/views/subs/new.html.erb:4:in `_app_views_subs_new_html_erb__1226053582897526920_69818990703800'
app/controllers/subs_controller.rb:18:in `new'
Started GET "/users/1" for ::1 at 2021-05-03 15:05:49 -0400
Processing by UsersController#show as HTML
  Parameters: {"id"=>"1"}
  [1m[36mUser Load (0.4ms)[0m  [1m[34mSELECT  "users".* FROM "users" WHERE "users"."session_token" = $1 LIMIT $2[0m  [["session_token", "N6nBDydxEHZOukkuHx-ZSA"], ["LIMIT", 1]]
  ↳ app/controllers/application_controller.rb:5
  [1m[36mUser Load (0.5ms)[0m  [1m[34mSELECT  "users".* FROM "users" WHERE "users"."id" = $1 LIMIT $2[0m  [["id", 1], ["LIMIT", 1]]
  ↳ app/controllers/users_controller.rb:27
  Rendering users/show.html.erb within layouts/application
  Rendered users/show.html.erb within layouts/application (0.7ms)
Completed 200 OK in 35ms (Views: 30.5ms | ActiveRecord: 0.9ms)


Started GET "/users/1" for ::1 at 2021-05-03 15:05:50 -0400
Processing by UsersController#show as HTML
  Parameters: {"id"=>"1"}
  [1m[36mUser Load (0.4ms)[0m  [1m[34mSELECT  "users".* FROM "users" WHERE "users"."session_token" = $1 LIMIT $2[0m  [["session_token", "N6nBDydxEHZOukkuHx-ZSA"], ["LIMIT", 1]]
  ↳ app/controllers/application_controller.rb:5
  [1m[36mUser Load (0.3ms)[0m  [1m[34mSELECT  "users".* FROM "users" WHERE "users"."id" = $1 LIMIT $2[0m  [["id", 1], ["LIMIT", 1]]
  ↳ app/controllers/users_controller.rb:27
  Rendering users/show.html.erb within layouts/application
  Rendered users/show.html.erb within layouts/application (0.6ms)
Completed 200 OK in 33ms (Views: 30.7ms | ActiveRecord: 0.6ms)


Started GET "/subs/new" for ::1 at 2021-05-03 15:05:51 -0400
Processing by SubsController#new as HTML
  [1m[36mUser Load (0.3ms)[0m  [1m[34mSELECT  "users".* FROM "users" WHERE "users"."session_token" = $1 LIMIT $2[0m  [["session_token", "N6nBDydxEHZOukkuHx-ZSA"], ["LIMIT", 1]]
  ↳ app/controllers/application_controller.rb:5
  Rendering subs/new.html.erb within layouts/application
  Rendered subs/new.html.erb within layouts/application (0.7ms)
Completed 200 OK in 32ms (Views: 30.5ms | ActiveRecord: 0.3ms)


Started POST "/users/1/subs" for ::1 at 2021-05-03 15:06:16 -0400
Processing by SubsController#create as HTML
  Parameters: {"authenticity_token"=>"TnBKiRu41IjB1SPdF9l806zPsxXcAU2tpyJRFRQhW9xS9sZ69clg5aSRJub77AtV9QUjvSykIlYv47yiveLBmQ", "sub"=>{"title"=>"Hello World", "description"=>"Have a great day!!"}, "user_id"=>"1"}
  [1m[36mUser Load (0.2ms)[0m  [1m[34mSELECT  "users".* FROM "users" WHERE "users"."session_token" = $1 LIMIT $2[0m  [["session_token", "N6nBDydxEHZOukkuHx-ZSA"], ["LIMIT", 1]]
  ↳ app/controllers/application_controller.rb:5
  [1m[35m (0.1ms)[0m  [1m[35mBEGIN[0m
  ↳ app/controllers/subs_controller.rb:24
  [1m[36mUser Load (0.3ms)[0m  [1m[34mSELECT  "users".* FROM "users" WHERE "users"."id" = $1 LIMIT $2[0m  [["id", 1], ["LIMIT", 1]]
  ↳ app/controllers/subs_controller.rb:24
  [1m[36mSub Create (11.6ms)[0m  [1m[32mINSERT INTO "subs" ("title", "description", "user_id", "created_at", "updated_at") VALUES ($1, $2, $3, $4, $5) RETURNING "id"[0m  [["title", "Hello World"], ["description", "Have a great day!!"], ["user_id", 1], ["created_at", "2021-05-03 19:06:16.717956"], ["updated_at", "2021-05-03 19:06:16.717956"]]
  ↳ app/controllers/subs_controller.rb:24
  [1m[35m (0.5ms)[0m  [1m[35mCOMMIT[0m
  ↳ app/controllers/subs_controller.rb:24
Redirected to http://localhost:3000/users/1
Completed 302 Found in 34ms (ActiveRecord: 12.7ms)


Started GET "/users/1" for ::1 at 2021-05-03 15:06:16 -0400
Processing by UsersController#show as HTML
  Parameters: {"id"=>"1"}
  [1m[36mUser Load (0.4ms)[0m  [1m[34mSELECT  "users".* FROM "users" WHERE "users"."session_token" = $1 LIMIT $2[0m  [["session_token", "N6nBDydxEHZOukkuHx-ZSA"], ["LIMIT", 1]]
  ↳ app/controllers/application_controller.rb:5
  [1m[36mUser Load (0.3ms)[0m  [1m[34mSELECT  "users".* FROM "users" WHERE "users"."id" = $1 LIMIT $2[0m  [["id", 1], ["LIMIT", 1]]
  ↳ app/controllers/users_controller.rb:27
  Rendering users/show.html.erb within layouts/application
  Rendered users/show.html.erb within layouts/application (0.4ms)
Completed 200 OK in 27ms (Views: 23.7ms | ActiveRecord: 0.8ms)


Started GET "/users/1" for ::1 at 2021-05-03 15:11:28 -0400
Processing by UsersController#show as HTML
  Parameters: {"id"=>"1"}
  [1m[36mUser Load (25.2ms)[0m  [1m[34mSELECT  "users".* FROM "users" WHERE "users"."session_token" = $1 LIMIT $2[0m  [["session_token", "N6nBDydxEHZOukkuHx-ZSA"], ["LIMIT", 1]]
  ↳ app/controllers/application_controller.rb:5
  [1m[36mUser Load (0.4ms)[0m  [1m[34mSELECT  "users".* FROM "users" WHERE "users"."id" = $1 LIMIT $2[0m  [["id", 1], ["LIMIT", 1]]
  ↳ app/controllers/users_controller.rb:27
  Rendering users/show.html.erb within layouts/application
  Rendered users/show.html.erb within layouts/application (3.6ms)
Completed 500 Internal Server Error in 38ms (ActiveRecord: 26.0ms)


  
ActionView::Template::Error (Missing partial subs/_new with {:locale=>[:en], :formats=>[:html], :variants=>[], :handlers=>[:raw, :erb, :html, :builder, :ruby, :coffee, :jbuilder]}. Searched in:
  * "/mnt/c/Users/Elijah/Desktop/aA-ClassWork/w8d1/RedditClone/app/views"
):
    4: 
    5: <%# <button><a href="<%#= new_sub_url %>">Create New Sub</a></button> %>
    6: 
    7: <% render "subs/new", user: @user %>
  
app/views/users/show.html.erb:7:in `_app_views_users_show_html_erb___1835129088936355127_69819140097020'
app/controllers/users_controller.rb:28:in `show'
Started GET "/subs/new" for ::1 at 2021-05-03 15:12:19 -0400
Processing by SubsController#new as HTML
  [1m[36mUser Load (0.2ms)[0m  [1m[34mSELECT  "users".* FROM "users" WHERE "users"."session_token" = $1 LIMIT $2[0m  [["session_token", "N6nBDydxEHZOukkuHx-ZSA"], ["LIMIT", 1]]
  ↳ app/controllers/application_controller.rb:5
  Rendering subs/new.html.erb within layouts/application
  Rendered subs/new.html.erb within layouts/application (3.1ms)
Completed 500 Internal Server Error in 9ms (ActiveRecord: 0.2ms)


  
ActionView::Template::Error (No route matches {:action=>"create", :controller=>"subs", :user_id=>nil}, missing required keys: [:user_id]):
    1: <h1>Create A Sub</h1>
    2: 
    3: 
    4: <form action="<%= user_subs_url(@user) %>" method="POST">
    5:     <input type="hidden" name="authenticity_token" value="<%= form_authenticity_token %>">
    6: 
    7:     <label>Title:
  
app/views/subs/new.html.erb:4:in `_app_views_subs_new_html_erb__1226053582897526920_69819127099120'
app/controllers/subs_controller.rb:18:in `new'
Started GET "/users/1" for ::1 at 2021-05-03 15:12:41 -0400
Processing by UsersController#show as HTML
  Parameters: {"id"=>"1"}
  [1m[36mUser Load (0.7ms)[0m  [1m[34mSELECT  "users".* FROM "users" WHERE "users"."session_token" = $1 LIMIT $2[0m  [["session_token", "N6nBDydxEHZOukkuHx-ZSA"], ["LIMIT", 1]]
  ↳ app/controllers/application_controller.rb:5
  [1m[36mUser Load (0.6ms)[0m  [1m[34mSELECT  "users".* FROM "users" WHERE "users"."id" = $1 LIMIT $2[0m  [["id", 1], ["LIMIT", 1]]
  ↳ app/controllers/users_controller.rb:27
  Rendering users/show.html.erb within layouts/application
  Rendered users/show.html.erb within layouts/application (1.0ms)
Completed 200 OK in 36ms (Views: 30.3ms | ActiveRecord: 1.4ms)


Started GET "/users/1" for ::1 at 2021-05-03 15:14:34 -0400
Processing by UsersController#show as HTML
  Parameters: {"id"=>"1"}
  [1m[36mUser Load (0.4ms)[0m  [1m[34mSELECT  "users".* FROM "users" WHERE "users"."session_token" = $1 LIMIT $2[0m  [["session_token", "N6nBDydxEHZOukkuHx-ZSA"], ["LIMIT", 1]]
  ↳ app/controllers/application_controller.rb:5
  [1m[36mUser Load (0.7ms)[0m  [1m[34mSELECT  "users".* FROM "users" WHERE "users"."id" = $1 LIMIT $2[0m  [["id", 1], ["LIMIT", 1]]
  ↳ app/controllers/users_controller.rb:27
  Rendering users/show.html.erb within layouts/application
  Rendered users/show.html.erb within layouts/application (2.9ms)
Completed 500 Internal Server Error in 11ms (ActiveRecord: 1.1ms)


  
ActionView::Template::Error (Missing partial subs/_index with {:locale=>[:en], :formats=>[:html], :variants=>[], :handlers=>[:raw, :erb, :html, :builder, :ruby, :coffee, :jbuilder]}. Searched in:
  * "/mnt/c/Users/Elijah/Desktop/aA-ClassWork/w8d1/RedditClone/app/views"
):
    2: 
    3: 
    4: 
    5: <%= render 'subs/index' %>
    6: 
    7: <button><a href="<%= new_sub_url %>">Create New Sub</a></button>
  
app/views/users/show.html.erb:5:in `_app_views_users_show_html_erb___1835129088936355127_69818955259640'
app/controllers/users_controller.rb:28:in `show'
Started GET "/users" for ::1 at 2021-05-03 15:15:05 -0400
Processing by UsersController#index as HTML
  [1m[36mUser Load (0.3ms)[0m  [1m[34mSELECT  "users".* FROM "users" WHERE "users"."session_token" = $1 LIMIT $2[0m  [["session_token", "N6nBDydxEHZOukkuHx-ZSA"], ["LIMIT", 1]]
  ↳ app/controllers/application_controller.rb:5
  Rendering users/index.html.erb within layouts/application
  [1m[36mUser Load (0.3ms)[0m  [1m[34mSELECT "users".* FROM "users"[0m
  ↳ app/views/users/index.html.erb:3
  Rendered users/index.html.erb within layouts/application (1.7ms)
Completed 200 OK in 34ms (Views: 31.4ms | ActiveRecord: 0.6ms)


Started GET "/users/1" for ::1 at 2021-05-03 15:15:07 -0400
Processing by UsersController#show as HTML
  Parameters: {"id"=>"1"}
  [1m[36mUser Load (0.4ms)[0m  [1m[34mSELECT  "users".* FROM "users" WHERE "users"."session_token" = $1 LIMIT $2[0m  [["session_token", "N6nBDydxEHZOukkuHx-ZSA"], ["LIMIT", 1]]
  ↳ app/controllers/application_controller.rb:5
  [1m[36mUser Load (0.3ms)[0m  [1m[34mSELECT  "users".* FROM "users" WHERE "users"."id" = $1 LIMIT $2[0m  [["id", 1], ["LIMIT", 1]]
  ↳ app/controllers/users_controller.rb:27
  Rendering users/show.html.erb within layouts/application
  Rendered users/show.html.erb within layouts/application (5.9ms)
Completed 500 Internal Server Error in 13ms (ActiveRecord: 0.7ms)


  
ActionView::Template::Error (Missing partial ../subs/_index.html.erb with {:locale=>[:en], :formats=>[:html], :variants=>[], :handlers=>[:raw, :erb, :html, :builder, :ruby, :coffee, :jbuilder]}. Searched in:
  * "/mnt/c/Users/Elijah/Desktop/aA-ClassWork/w8d1/RedditClone/app/views"
):
    2: 
    3: 
    4: 
    5: <%= render '../subs/index.html.erb' %>
    6: 
    7: <button><a href="<%= new_sub_url %>">Create New Sub</a></button>
  
app/views/users/show.html.erb:5:in `_app_views_users_show_html_erb___1835129088936355127_69818993702120'
app/controllers/users_controller.rb:28:in `show'
Started GET "/users" for ::1 at 2021-05-03 15:16:17 -0400
Processing by UsersController#index as HTML
  [1m[36mUser Load (0.5ms)[0m  [1m[34mSELECT  "users".* FROM "users" WHERE "users"."session_token" = $1 LIMIT $2[0m  [["session_token", "N6nBDydxEHZOukkuHx-ZSA"], ["LIMIT", 1]]
  ↳ app/controllers/application_controller.rb:5
  Rendering users/index.html.erb within layouts/application
  [1m[36mUser Load (0.4ms)[0m  [1m[34mSELECT "users".* FROM "users"[0m
  ↳ app/views/users/index.html.erb:3
  Rendered users/index.html.erb within layouts/application (1.7ms)
Completed 200 OK in 35ms (Views: 32.4ms | ActiveRecord: 0.8ms)


Started GET "/users" for ::1 at 2021-05-03 15:16:19 -0400
Processing by UsersController#index as HTML
  [1m[36mUser Load (0.5ms)[0m  [1m[34mSELECT  "users".* FROM "users" WHERE "users"."session_token" = $1 LIMIT $2[0m  [["session_token", "N6nBDydxEHZOukkuHx-ZSA"], ["LIMIT", 1]]
  ↳ app/controllers/application_controller.rb:5
  Rendering users/index.html.erb within layouts/application
  [1m[36mUser Load (0.4ms)[0m  [1m[34mSELECT "users".* FROM "users"[0m
  ↳ app/views/users/index.html.erb:3
  Rendered users/index.html.erb within layouts/application (2.2ms)
Completed 200 OK in 50ms (Views: 47.3ms | ActiveRecord: 1.0ms)


Started GET "/users/1" for ::1 at 2021-05-03 15:16:19 -0400
Processing by UsersController#show as HTML
  Parameters: {"id"=>"1"}
  [1m[36mUser Load (0.3ms)[0m  [1m[34mSELECT  "users".* FROM "users" WHERE "users"."session_token" = $1 LIMIT $2[0m  [["session_token", "N6nBDydxEHZOukkuHx-ZSA"], ["LIMIT", 1]]
  ↳ app/controllers/application_controller.rb:5
  [1m[36mUser Load (1.7ms)[0m  [1m[34mSELECT  "users".* FROM "users" WHERE "users"."id" = $1 LIMIT $2[0m  [["id", 1], ["LIMIT", 1]]
  ↳ app/controllers/users_controller.rb:27
  Rendering users/show.html.erb within layouts/application
  Rendered users/show.html.erb within layouts/application (3.5ms)
Completed 500 Internal Server Error in 17ms (ActiveRecord: 2.0ms)


  
ActionView::Template::Error (undefined method `each' for nil:NilClass):
    4: <h1>All Subs</h1>
    5: 
    6: <ul>
    7:     <% @subs.each do |sub| %>
    8:         <li>
    9:             <a href="<%= sub_url(sub) %>"><%= sub.title %></a>
   10:         </li>
  
app/views/users/show.html.erb:7:in `_app_views_users_show_html_erb___1835129088936355127_69819134865100'
app/controllers/users_controller.rb:28:in `show'
Started GET "/users" for ::1 at 2021-05-03 15:17:04 -0400
Processing by UsersController#index as HTML
  [1m[36mUser Load (0.4ms)[0m  [1m[34mSELECT  "users".* FROM "users" WHERE "users"."session_token" = $1 LIMIT $2[0m  [["session_token", "N6nBDydxEHZOukkuHx-ZSA"], ["LIMIT", 1]]
  ↳ app/controllers/application_controller.rb:5
  Rendering users/index.html.erb within layouts/application
  [1m[36mUser Load (0.3ms)[0m  [1m[34mSELECT "users".* FROM "users"[0m
  ↳ app/views/users/index.html.erb:3
  Rendered users/index.html.erb within layouts/application (1.5ms)
Completed 200 OK in 33ms (Views: 30.6ms | ActiveRecord: 0.8ms)


Started GET "/users" for ::1 at 2021-05-03 15:17:05 -0400
Processing by UsersController#index as HTML
  [1m[36mUser Load (0.3ms)[0m  [1m[34mSELECT  "users".* FROM "users" WHERE "users"."session_token" = $1 LIMIT $2[0m  [["session_token", "N6nBDydxEHZOukkuHx-ZSA"], ["LIMIT", 1]]
  ↳ app/controllers/application_controller.rb:5
  Rendering users/index.html.erb within layouts/application
  [1m[36mUser Load (0.4ms)[0m  [1m[34mSELECT "users".* FROM "users"[0m
  ↳ app/views/users/index.html.erb:3
  Rendered users/index.html.erb within layouts/application (1.6ms)
Completed 200 OK in 31ms (Views: 29.1ms | ActiveRecord: 0.7ms)


Started GET "/users/1" for ::1 at 2021-05-03 15:17:06 -0400
Processing by UsersController#show as HTML
  Parameters: {"id"=>"1"}
  [1m[36mUser Load (0.2ms)[0m  [1m[34mSELECT  "users".* FROM "users" WHERE "users"."session_token" = $1 LIMIT $2[0m  [["session_token", "N6nBDydxEHZOukkuHx-ZSA"], ["LIMIT", 1]]
  ↳ app/controllers/application_controller.rb:5
  [1m[36mUser Load (0.3ms)[0m  [1m[34mSELECT  "users".* FROM "users" WHERE "users"."id" = $1 LIMIT $2[0m  [["id", 1], ["LIMIT", 1]]
  ↳ app/controllers/users_controller.rb:27
  Rendering users/show.html.erb within layouts/application
  [1m[36mSub Load (20.9ms)[0m  [1m[34mSELECT "subs".* FROM "subs" WHERE "subs"."user_id" = $1[0m  [["user_id", 1]]
  ↳ app/views/users/show.html.erb:7
  Rendered users/show.html.erb within layouts/application (37.2ms)
Completed 200 OK in 63ms (Views: 39.6ms | ActiveRecord: 21.5ms)


Started GET "/subs/1" for ::1 at 2021-05-03 15:17:08 -0400
Processing by SubsController#show as HTML
  Parameters: {"id"=>"1"}
  [1m[36mSub Load (0.9ms)[0m  [1m[34mSELECT  "subs".* FROM "subs" WHERE "subs"."id" = $1 LIMIT $2[0m  [["id", 1], ["LIMIT", 1]]
  ↳ app/controllers/subs_controller.rb:11
  Rendering subs/show.html.erb within layouts/application
  Rendered subs/show.html.erb within layouts/application (0.3ms)
  [1m[36mUser Load (0.3ms)[0m  [1m[34mSELECT  "users".* FROM "users" WHERE "users"."session_token" = $1 LIMIT $2[0m  [["session_token", "N6nBDydxEHZOukkuHx-ZSA"], ["LIMIT", 1]]
  ↳ app/controllers/application_controller.rb:5
Completed 200 OK in 33ms (Views: 28.6ms | ActiveRecord: 1.1ms)


Started GET "/users" for ::1 at 2021-05-03 15:17:46 -0400
Processing by UsersController#index as HTML
  [1m[36mUser Load (0.2ms)[0m  [1m[34mSELECT  "users".* FROM "users" WHERE "users"."session_token" = $1 LIMIT $2[0m  [["session_token", "N6nBDydxEHZOukkuHx-ZSA"], ["LIMIT", 1]]
  ↳ app/controllers/application_controller.rb:5
  Rendering users/index.html.erb within layouts/application
  [1m[36mUser Load (0.3ms)[0m  [1m[34mSELECT "users".* FROM "users"[0m
  ↳ app/views/users/index.html.erb:3
  Rendered users/index.html.erb within layouts/application (1.7ms)
Completed 200 OK in 32ms (Views: 30.4ms | ActiveRecord: 0.5ms)


Started GET "/users/1" for ::1 at 2021-05-03 15:17:46 -0400
Processing by UsersController#show as HTML
  Parameters: {"id"=>"1"}
  [1m[36mUser Load (0.4ms)[0m  [1m[34mSELECT  "users".* FROM "users" WHERE "users"."session_token" = $1 LIMIT $2[0m  [["session_token", "N6nBDydxEHZOukkuHx-ZSA"], ["LIMIT", 1]]
  ↳ app/controllers/application_controller.rb:5
  [1m[36mUser Load (1.2ms)[0m  [1m[34mSELECT  "users".* FROM "users" WHERE "users"."id" = $1 LIMIT $2[0m  [["id", 1], ["LIMIT", 1]]
  ↳ app/controllers/users_controller.rb:27
  Rendering users/show.html.erb within layouts/application
  [1m[36mSub Load (0.5ms)[0m  [1m[34mSELECT "subs".* FROM "subs" WHERE "subs"."user_id" = $1[0m  [["user_id", 1]]
  ↳ app/views/users/show.html.erb:7
  Rendered users/show.html.erb within layouts/application (2.6ms)
Completed 200 OK in 39ms (Views: 30.8ms | ActiveRecord: 2.1ms)


Started GET "/subs/1" for ::1 at 2021-05-03 15:17:47 -0400
Processing by SubsController#show as HTML
  Parameters: {"id"=>"1"}
  [1m[36mSub Load (0.6ms)[0m  [1m[34mSELECT  "subs".* FROM "subs" WHERE "subs"."id" = $1 LIMIT $2[0m  [["id", 1], ["LIMIT", 1]]
  ↳ app/controllers/subs_controller.rb:11
  Rendering subs/show.html.erb within layouts/application
  Rendered subs/show.html.erb within layouts/application (0.4ms)
  [1m[36mUser Load (0.3ms)[0m  [1m[34mSELECT  "users".* FROM "users" WHERE "users"."session_token" = $1 LIMIT $2[0m  [["session_token", "N6nBDydxEHZOukkuHx-ZSA"], ["LIMIT", 1]]
  ↳ app/controllers/application_controller.rb:5
Completed 200 OK in 32ms (Views: 29.6ms | ActiveRecord: 0.8ms)


Started GET "/subs" for ::1 at 2021-05-03 15:18:26 -0400
Processing by SubsController#index as HTML
  Rendering subs/index.html.erb within layouts/application
  Rendered subs/index.html.erb within layouts/application (0.3ms)
  [1m[36mUser Load (0.3ms)[0m  [1m[34mSELECT  "users".* FROM "users" WHERE "users"."session_token" = $1 LIMIT $2[0m  [["session_token", "N6nBDydxEHZOukkuHx-ZSA"], ["LIMIT", 1]]
  ↳ app/controllers/application_controller.rb:5
Completed 200 OK in 34ms (Views: 33.2ms | ActiveRecord: 0.3ms)


  [1m[35m (0.2ms)[0m  [1m[34mSELECT pg_try_advisory_lock(6711173107426626090)[0m
  ↳ bin/rails:9
  [1m[35m (1.0ms)[0m  [1m[34mSELECT "schema_migrations"."version" FROM "schema_migrations" ORDER BY "schema_migrations"."version" ASC[0m
  ↳ bin/rails:9
Migrating to CreatePosts (20210503203344)
  [1m[35m (0.1ms)[0m  [1m[35mBEGIN[0m
  ↳ bin/rails:9
  [1m[35m (29.6ms)[0m  [1m[35mCREATE TABLE "posts" ("id" bigserial primary key, "title" character varying NOT NULL, "url" character varying, "content" text, "sub_id" integer NOT NULL, "user_id" integer NOT NULL, "created_at" timestamp NOT NULL, "updated_at" timestamp NOT NULL)[0m
  ↳ db/migrate/20210503203344_create_posts.rb:3
  [1m[35m (1.4ms)[0m  [1m[35mCREATE  INDEX  "index_posts_on_sub_id" ON "posts"  ("sub_id")[0m
  ↳ db/migrate/20210503203344_create_posts.rb:11
  [1m[35m (3.6ms)[0m  [1m[35mCREATE  INDEX  "index_posts_on_user_id" ON "posts"  ("user_id")[0m
  ↳ db/migrate/20210503203344_create_posts.rb:12
  [1m[36mActiveRecord::SchemaMigration Create (0.7ms)[0m  [1m[32mINSERT INTO "schema_migrations" ("version") VALUES ($1) RETURNING "version"[0m  [["version", "20210503203344"]]
  ↳ bin/rails:9
  [1m[35m (1.2ms)[0m  [1m[35mCOMMIT[0m
  ↳ bin/rails:9
  [1m[36mActiveRecord::InternalMetadata Load (1.3ms)[0m  [1m[34mSELECT  "ar_internal_metadata".* FROM "ar_internal_metadata" WHERE "ar_internal_metadata"."key" = $1 LIMIT $2[0m  [["key", "environment"], ["LIMIT", 1]]
  ↳ bin/rails:9
  [1m[35m (0.1ms)[0m  [1m[35mBEGIN[0m
  ↳ bin/rails:9
  [1m[35m (0.1ms)[0m  [1m[35mCOMMIT[0m
  ↳ bin/rails:9
  [1m[35m (0.2ms)[0m  [1m[34mSELECT pg_advisory_unlock(6711173107426626090)[0m
  ↳ bin/rails:9
  [1m[35m (0.4ms)[0m  [1m[34mSELECT "schema_migrations"."version" FROM "schema_migrations" ORDER BY "schema_migrations"."version" ASC[0m
  ↳ bin/rails:9
Started GET "/" for ::1 at 2021-05-03 14:29:18 -0700
  [1m[35m (8.3ms)[0m  [1m[34mSELECT "schema_migrations"."version" FROM "schema_migrations" ORDER BY "schema_migrations"."version" ASC[0m
  ↳ /Users/ying/.rbenv/versions/2.5.1/lib/ruby/gems/2.5.0/gems/activerecord-5.2.5/lib/active_record/log_subscriber.rb:98
Processing by Rails::WelcomeController#index as HTML
  Rendering /Users/ying/.rbenv/versions/2.5.1/lib/ruby/gems/2.5.0/gems/railties-5.2.5/lib/rails/templates/rails/welcome/index.html.erb
  Rendered /Users/ying/.rbenv/versions/2.5.1/lib/ruby/gems/2.5.0/gems/railties-5.2.5/lib/rails/templates/rails/welcome/index.html.erb (3.3ms)
Completed 200 OK in 26ms (Views: 15.6ms | ActiveRecord: 0.0ms)


Started GET "/subs" for ::1 at 2021-05-03 14:29:35 -0700
Processing by SubsController#index as HTML
  Rendering subs/index.html.erb within layouts/application
  [1m[36mSub Load (8.8ms)[0m  [1m[34mSELECT "subs".* FROM "subs"[0m
  ↳ app/views/subs/index.html.erb:4
  Rendered subs/index.html.erb within layouts/application (19.5ms)
  [1m[36mUser Load (13.7ms)[0m  [1m[34mSELECT  "users".* FROM "users" WHERE "users"."session_token" IS NULL LIMIT $1[0m  [["LIMIT", 1]]
  ↳ app/controllers/application_controller.rb:5
Completed 200 OK in 1322ms (Views: 1276.0ms | ActiveRecord: 29.0ms)


Started GET "/subs/new" for ::1 at 2021-05-03 14:29:44 -0700
Processing by SubsController#new as HTML
  [1m[36mUser Load (0.7ms)[0m  [1m[34mSELECT  "users".* FROM "users" WHERE "users"."session_token" IS NULL LIMIT $1[0m  [["LIMIT", 1]]
  ↳ app/controllers/application_controller.rb:5
Redirected to http://localhost:3000/session/new
Filter chain halted as :require_login rendered or redirected
Completed 302 Found in 5ms (ActiveRecord: 0.7ms)


Started GET "/session/new" for ::1 at 2021-05-03 14:29:44 -0700
Processing by SessionsController#new as HTML
  Rendering sessions/new.html.erb within layouts/application
  Rendered sessions/new.html.erb within layouts/application (1.7ms)
  [1m[36mUser Load (0.5ms)[0m  [1m[34mSELECT  "users".* FROM "users" WHERE "users"."session_token" IS NULL LIMIT $1[0m  [["LIMIT", 1]]
  ↳ app/controllers/application_controller.rb:5
Completed 200 OK in 61ms (Views: 54.6ms | ActiveRecord: 0.5ms)


Started GET "/users/new" for ::1 at 2021-05-03 14:30:02 -0700
Processing by UsersController#new as HTML
  Rendering users/new.html.erb within layouts/application
  Rendered users/new.html.erb within layouts/application (1.4ms)
  [1m[36mUser Load (0.9ms)[0m  [1m[34mSELECT  "users".* FROM "users" WHERE "users"."session_token" IS NULL LIMIT $1[0m  [["LIMIT", 1]]
  ↳ app/controllers/application_controller.rb:5
Completed 200 OK in 74ms (Views: 52.1ms | ActiveRecord: 9.2ms)


Started POST "/users" for ::1 at 2021-05-03 14:30:10 -0700
Processing by UsersController#create as HTML
  Parameters: {"authenticity_token"=>"3zLkAWKeVonCpmyMgNSbUZgW1-_qSiCkV7yBFZwWiiTB9HzNleWKYTR0PKeJotbo-eH3Q9spFnRuCRR1EzaO2w", "user"=>{"username"=>"hello", "password"=>"[FILTERED]"}}
  [1m[35m (0.2ms)[0m  [1m[35mBEGIN[0m
  ↳ app/controllers/users_controller.rb:12
  [1m[36mUser Exists (0.7ms)[0m  [1m[34mSELECT  1 AS one FROM "users" WHERE "users"."username" = $1 LIMIT $2[0m  [["username", "hello"], ["LIMIT", 1]]
  ↳ app/controllers/users_controller.rb:12
  [1m[36mUser Create (14.4ms)[0m  [1m[32mINSERT INTO "users" ("username", "session_token", "password_digest", "created_at", "updated_at") VALUES ($1, $2, $3, $4, $5) RETURNING "id"[0m  [["username", "hello"], ["session_token", "eDYBPwH0ANoX5X9SGFvB9g"], ["password_digest", "$2a$12$f1glaEoMC6nfQzbtecg9luvTjeht9/auKqFJ0GoWQSMj754igcn66"], ["created_at", "2021-05-03 21:30:10.473361"], ["updated_at", "2021-05-03 21:30:10.473361"]]
  ↳ app/controllers/users_controller.rb:12
  [1m[35m (6.0ms)[0m  [1m[35mCOMMIT[0m
  ↳ app/controllers/users_controller.rb:12
  [1m[35m (4.0ms)[0m  [1m[35mBEGIN[0m
  ↳ app/models/user.rb:28
  [1m[36mUser Exists (1.0ms)[0m  [1m[34mSELECT  1 AS one FROM "users" WHERE "users"."username" = $1 AND "users"."id" != $2 LIMIT $3[0m  [["username", "hello"], ["id", 1], ["LIMIT", 1]]
  ↳ app/models/user.rb:28
  [1m[36mUser Update (1.7ms)[0m  [1m[33mUPDATE "users" SET "session_token" = $1, "updated_at" = $2 WHERE "users"."id" = $3[0m  [["session_token", "mLa2mUghmx6-ADpZ3pqYNQ"], ["updated_at", "2021-05-03 21:30:10.502190"], ["id", 1]]
  ↳ app/models/user.rb:28
  [1m[35m (2.6ms)[0m  [1m[35mCOMMIT[0m
  ↳ app/models/user.rb:28
Redirected to http://localhost:3000/users
Completed 302 Found in 279ms (ActiveRecord: 30.5ms)


Started GET "/users" for ::1 at 2021-05-03 14:30:10 -0700
Processing by UsersController#index as HTML
  [1m[36mUser Load (0.3ms)[0m  [1m[34mSELECT  "users".* FROM "users" WHERE "users"."session_token" = $1 LIMIT $2[0m  [["session_token", "mLa2mUghmx6-ADpZ3pqYNQ"], ["LIMIT", 1]]
  ↳ app/controllers/application_controller.rb:5
  Rendering users/index.html.erb within layouts/application
  [1m[36mUser Load (1.6ms)[0m  [1m[34mSELECT "users".* FROM "users"[0m
  ↳ app/views/users/index.html.erb:3
  Rendered users/index.html.erb within layouts/application (2.7ms)
Completed 200 OK in 34ms (Views: 28.9ms | ActiveRecord: 1.9ms)


Started GET "/users/1" for ::1 at 2021-05-03 14:30:14 -0700
Processing by UsersController#show as HTML
  Parameters: {"id"=>"1"}
  [1m[36mUser Load (2.3ms)[0m  [1m[34mSELECT  "users".* FROM "users" WHERE "users"."session_token" = $1 LIMIT $2[0m  [["session_token", "mLa2mUghmx6-ADpZ3pqYNQ"], ["LIMIT", 1]]
  ↳ app/controllers/application_controller.rb:5
  [1m[36mUser Load (0.6ms)[0m  [1m[34mSELECT  "users".* FROM "users" WHERE "users"."id" = $1 LIMIT $2[0m  [["id", 1], ["LIMIT", 1]]
  ↳ app/controllers/users_controller.rb:27
  Rendering users/show.html.erb within layouts/application
  [1m[36mSub Load (0.4ms)[0m  [1m[34mSELECT "subs".* FROM "subs" WHERE "subs"."user_id" = $1[0m  [["user_id", 1]]
  ↳ app/views/users/show.html.erb:7
  Rendered users/show.html.erb within layouts/application (13.3ms)
Completed 200 OK in 48ms (Views: 39.0ms | ActiveRecord: 3.2ms)


Started GET "/subs/new" for ::1 at 2021-05-03 14:30:21 -0700
Processing by SubsController#new as HTML
  [1m[36mUser Load (2.7ms)[0m  [1m[34mSELECT  "users".* FROM "users" WHERE "users"."session_token" = $1 LIMIT $2[0m  [["session_token", "mLa2mUghmx6-ADpZ3pqYNQ"], ["LIMIT", 1]]
  ↳ app/controllers/application_controller.rb:5
  Rendering subs/new.html.erb within layouts/application
  Rendered subs/new.html.erb within layouts/application (1.9ms)
Completed 200 OK in 58ms (Views: 35.4ms | ActiveRecord: 14.4ms)


Started POST "/users/1/subs" for ::1 at 2021-05-03 14:30:33 -0700
Processing by SubsController#create as HTML
  Parameters: {"authenticity_token"=>"HgJWYpJbue_SoFCwLjnRTfQEyfyo6LsAV9bDvLWBrVMAxM6uZSBlByRyAJsnT5z0lfPpUJmLjdBuY1bcOqGprA", "sub"=>{"title"=>"Hello ", "description"=>"Hello world!"}, "user_id"=>"1"}
  [1m[36mUser Load (2.2ms)[0m  [1m[34mSELECT  "users".* FROM "users" WHERE "users"."session_token" = $1 LIMIT $2[0m  [["session_token", "mLa2mUghmx6-ADpZ3pqYNQ"], ["LIMIT", 1]]
  ↳ app/controllers/application_controller.rb:5
  [1m[35m (0.8ms)[0m  [1m[35mBEGIN[0m
  ↳ app/controllers/subs_controller.rb:24
  [1m[36mUser Load (0.4ms)[0m  [1m[34mSELECT  "users".* FROM "users" WHERE "users"."id" = $1 LIMIT $2[0m  [["id", 1], ["LIMIT", 1]]
  ↳ app/controllers/subs_controller.rb:24
  [1m[36mSub Create (9.5ms)[0m  [1m[32mINSERT INTO "subs" ("title", "description", "user_id", "created_at", "updated_at") VALUES ($1, $2, $3, $4, $5) RETURNING "id"[0m  [["title", "Hello "], ["description", "Hello world!"], ["user_id", 1], ["created_at", "2021-05-03 21:30:33.409053"], ["updated_at", "2021-05-03 21:30:33.409053"]]
  ↳ app/controllers/subs_controller.rb:24
  [1m[35m (3.7ms)[0m  [1m[35mCOMMIT[0m
  ↳ app/controllers/subs_controller.rb:24
Redirected to http://localhost:3000/users/1
Completed 302 Found in 45ms (ActiveRecord: 16.7ms)


Started GET "/users/1" for ::1 at 2021-05-03 14:30:33 -0700
Processing by UsersController#show as HTML
  Parameters: {"id"=>"1"}
  [1m[36mUser Load (0.5ms)[0m  [1m[34mSELECT  "users".* FROM "users" WHERE "users"."session_token" = $1 LIMIT $2[0m  [["session_token", "mLa2mUghmx6-ADpZ3pqYNQ"], ["LIMIT", 1]]
  ↳ app/controllers/application_controller.rb:5
  [1m[36mUser Load (2.3ms)[0m  [1m[34mSELECT  "users".* FROM "users" WHERE "users"."id" = $1 LIMIT $2[0m  [["id", 1], ["LIMIT", 1]]
  ↳ app/controllers/users_controller.rb:27
  Rendering users/show.html.erb within layouts/application
  [1m[36mSub Load (0.3ms)[0m  [1m[34mSELECT "subs".* FROM "subs" WHERE "subs"."user_id" = $1[0m  [["user_id", 1]]
  ↳ app/views/users/show.html.erb:7
  Rendered users/show.html.erb within layouts/application (2.4ms)
Completed 200 OK in 40ms (Views: 34.6ms | ActiveRecord: 3.1ms)


Started GET "/subs/1" for ::1 at 2021-05-03 14:30:40 -0700
Processing by SubsController#show as HTML
  Parameters: {"id"=>"1"}
  [1m[36mSub Load (0.7ms)[0m  [1m[34mSELECT  "subs".* FROM "subs" WHERE "subs"."id" = $1 LIMIT $2[0m  [["id", 1], ["LIMIT", 1]]
  ↳ app/controllers/subs_controller.rb:11
  Rendering subs/show.html.erb within layouts/application
  [1m[36mPost Load (13.9ms)[0m  [1m[34mSELECT "posts".* FROM "posts" WHERE "posts"."sub_id" = $1[0m  [["sub_id", 1]]
  ↳ app/views/subs/show.html.erb:8
  Rendered subs/show.html.erb within layouts/application (31.0ms)
  [1m[36mUser Load (0.3ms)[0m  [1m[34mSELECT  "users".* FROM "users" WHERE "users"."session_token" = $1 LIMIT $2[0m  [["session_token", "mLa2mUghmx6-ADpZ3pqYNQ"], ["LIMIT", 1]]
  ↳ app/controllers/application_controller.rb:5
Completed 200 OK in 73ms (Views: 50.8ms | ActiveRecord: 16.9ms)


Started GET "/posts/new" for ::1 at 2021-05-03 14:30:50 -0700
Processing by PostsController#new as HTML
  [1m[36mUser Load (0.5ms)[0m  [1m[34mSELECT  "users".* FROM "users" WHERE "users"."session_token" = $1 LIMIT $2[0m  [["session_token", "mLa2mUghmx6-ADpZ3pqYNQ"], ["LIMIT", 1]]
  ↳ app/controllers/application_controller.rb:5
  Rendering posts/new.html.erb within layouts/application
  Rendered posts/new.html.erb within layouts/application (13.1ms)
Completed 500 Internal Server Error in 47ms (ActiveRecord: 4.9ms)


  
ActionView::Template::Error (No route matches {:action=>"show", :controller=>"posts"}, missing required keys: [:id]):
    1: <h1>Make a New Post!</h1>
    2: <form action="<%= post_url%>" method="Post">
    3: <input type="hidden" name="authenticity_token" value="<%= form_authenticity_token %>">
    4: <label>Title
    5:     <input type="text" name="post[title]" value="<%= @post.title %>">
  
app/views/posts/new.html.erb:2:in `_app_views_posts_new_html_erb___3327699877409100129_70304586658580'
app/controllers/posts_controller.rb:6:in `new'
Started GET "/posts/new" for ::1 at 2021-05-03 14:31:34 -0700
Processing by PostsController#new as HTML
  [1m[36mUser Load (0.6ms)[0m  [1m[34mSELECT  "users".* FROM "users" WHERE "users"."session_token" = $1 LIMIT $2[0m  [["session_token", "mLa2mUghmx6-ADpZ3pqYNQ"], ["LIMIT", 1]]
  ↳ app/controllers/application_controller.rb:5
  Rendering posts/new.html.erb within layouts/application
  Rendered posts/new.html.erb within layouts/application (1.3ms)
Completed 200 OK in 39ms (Views: 35.6ms | ActiveRecord: 0.6ms)


Started POST "/posts" for ::1 at 2021-05-03 14:31:47 -0700
Processing by PostsController#create as HTML
  Parameters: {"authenticity_token"=>"UOKoLSOe8MkmhiMqgBAUjE41UKqafwzbUuHSWnXEoqROJDDh1OUsIdBUcwGJZlk1L8JwBqscOgtrVEc6-uSmWw", "post"=>{"title"=>"very nice post ", "url"=>"", "content"=>""}}
  [1m[36mUser Load (4.2ms)[0m  [1m[34mSELECT  "users".* FROM "users" WHERE "users"."session_token" = $1 LIMIT $2[0m  [["session_token", "mLa2mUghmx6-ADpZ3pqYNQ"], ["LIMIT", 1]]
  ↳ app/controllers/application_controller.rb:5
  [1m[35m (1.3ms)[0m  [1m[35mBEGIN[0m
  ↳ app/controllers/posts_controller.rb:11
  [1m[36mUser Load (0.3ms)[0m  [1m[34mSELECT  "users".* FROM "users" WHERE "users"."id" = $1 LIMIT $2[0m  [["id", 1], ["LIMIT", 1]]
  ↳ app/controllers/posts_controller.rb:11
  [1m[35m (1.6ms)[0m  [1m[31mROLLBACK[0m
  ↳ app/controllers/posts_controller.rb:11
  Rendering posts/new.html.erb within layouts/application
  Rendered posts/new.html.erb within layouts/application (0.6ms)
Completed 200 OK in 82ms (Views: 46.1ms | ActiveRecord: 7.3ms)


Started GET "/subs/1" for ::1 at 2021-05-03 14:32:06 -0700
Processing by SubsController#show as HTML
  Parameters: {"id"=>"1"}
  [1m[36mSub Load (0.8ms)[0m  [1m[34mSELECT  "subs".* FROM "subs" WHERE "subs"."id" = $1 LIMIT $2[0m  [["id", 1], ["LIMIT", 1]]
  ↳ app/controllers/subs_controller.rb:11
  Rendering subs/show.html.erb within layouts/application
  [1m[36mPost Load (0.3ms)[0m  [1m[34mSELECT "posts".* FROM "posts" WHERE "posts"."sub_id" = $1[0m  [["sub_id", 1]]
  ↳ app/views/subs/show.html.erb:8
  Rendered subs/show.html.erb within layouts/application (1.8ms)
  [1m[36mUser Load (0.3ms)[0m  [1m[34mSELECT  "users".* FROM "users" WHERE "users"."session_token" = $1 LIMIT $2[0m  [["session_token", "mLa2mUghmx6-ADpZ3pqYNQ"], ["LIMIT", 1]]
  ↳ app/controllers/application_controller.rb:5
Completed 200 OK in 47ms (Views: 43.9ms | ActiveRecord: 1.4ms)


Started GET "/posts/new" for ::1 at 2021-05-03 14:32:11 -0700
Processing by PostsController#new as HTML
  [1m[36mUser Load (0.3ms)[0m  [1m[34mSELECT  "users".* FROM "users" WHERE "users"."session_token" = $1 LIMIT $2[0m  [["session_token", "mLa2mUghmx6-ADpZ3pqYNQ"], ["LIMIT", 1]]
  ↳ app/controllers/application_controller.rb:5
  Rendering posts/new.html.erb within layouts/application
  Rendered posts/new.html.erb within layouts/application (1.2ms)
Completed 200 OK in 42ms (Views: 39.5ms | ActiveRecord: 0.3ms)


Started POST "/posts" for ::1 at 2021-05-03 14:32:15 -0700
Processing by PostsController#create as HTML
  Parameters: {"authenticity_token"=>"nYaz8kYy_k7_AuIiTfdjbkZ1Dhi_P9BFkPHsCCAzeUWDQCs-sUkipgnQsglEgS7XJ4IutI5c5pWpRHlorxN9ug", "post"=>{"title"=>"very nice post ", "url"=>"", "content"=>""}}
  [1m[36mUser Load (0.5ms)[0m  [1m[34mSELECT  "users".* FROM "users" WHERE "users"."session_token" = $1 LIMIT $2[0m  [["session_token", "mLa2mUghmx6-ADpZ3pqYNQ"], ["LIMIT", 1]]
  ↳ app/controllers/application_controller.rb:5
  [1m[35m (4.5ms)[0m  [1m[35mBEGIN[0m
  ↳ app/controllers/posts_controller.rb:11
  [1m[36mUser Load (1.0ms)[0m  [1m[34mSELECT  "users".* FROM "users" WHERE "users"."id" = $1 LIMIT $2[0m  [["id", 1], ["LIMIT", 1]]
  ↳ app/controllers/posts_controller.rb:11
  [1m[35m (0.3ms)[0m  [1m[31mROLLBACK[0m
  ↳ app/controllers/posts_controller.rb:11
  Rendering posts/new.html.erb within layouts/application
  Rendered posts/new.html.erb within layouts/application (0.8ms)
Completed 200 OK in 56ms (Views: 43.8ms | ActiveRecord: 6.2ms)


Started GET "/posts" for ::1 at 2021-05-03 14:33:38 -0700
  
ActionController::RoutingError (No route matches [GET] "/posts"):
  
actionpack (5.2.5) lib/action_dispatch/middleware/debug_exceptions.rb:65:in `call'
web-console (3.7.0) lib/web_console/middleware.rb:135:in `call_app'
web-console (3.7.0) lib/web_console/middleware.rb:30:in `block in call'
web-console (3.7.0) lib/web_console/middleware.rb:20:in `catch'
web-console (3.7.0) lib/web_console/middleware.rb:20:in `call'
actionpack (5.2.5) lib/action_dispatch/middleware/show_exceptions.rb:33:in `call'
railties (5.2.5) lib/rails/rack/logger.rb:38:in `call_app'
railties (5.2.5) lib/rails/rack/logger.rb:26:in `block in call'
activesupport (5.2.5) lib/active_support/tagged_logging.rb:71:in `block in tagged'
activesupport (5.2.5) lib/active_support/tagged_logging.rb:28:in `tagged'
activesupport (5.2.5) lib/active_support/tagged_logging.rb:71:in `tagged'
railties (5.2.5) lib/rails/rack/logger.rb:26:in `call'
sprockets-rails (3.2.2) lib/sprockets/rails/quiet_assets.rb:13:in `call'
actionpack (5.2.5) lib/action_dispatch/middleware/remote_ip.rb:81:in `call'
actionpack (5.2.5) lib/action_dispatch/middleware/request_id.rb:27:in `call'
rack (2.2.3) lib/rack/method_override.rb:24:in `call'
rack (2.2.3) lib/rack/runtime.rb:22:in `call'
activesupport (5.2.5) lib/active_support/cache/strategy/local_cache_middleware.rb:29:in `call'
actionpack (5.2.5) lib/action_dispatch/middleware/executor.rb:14:in `call'
actionpack (5.2.5) lib/action_dispatch/middleware/static.rb:127:in `call'
rack (2.2.3) lib/rack/sendfile.rb:110:in `call'
railties (5.2.5) lib/rails/engine.rb:524:in `call'
puma (3.12.6) lib/puma/configuration.rb:227:in `call'
puma (3.12.6) lib/puma/server.rb:706:in `handle_request'
puma (3.12.6) lib/puma/server.rb:476:in `process_client'
puma (3.12.6) lib/puma/server.rb:334:in `block in run'
puma (3.12.6) lib/puma/thread_pool.rb:135:in `block in spawn_thread'
Started GET "/subs/1" for ::1 at 2021-05-03 14:33:44 -0700
Processing by SubsController#show as HTML
  Parameters: {"id"=>"1"}
  [1m[36mSub Load (0.6ms)[0m  [1m[34mSELECT  "subs".* FROM "subs" WHERE "subs"."id" = $1 LIMIT $2[0m  [["id", 1], ["LIMIT", 1]]
  ↳ app/controllers/subs_controller.rb:11
  Rendering subs/show.html.erb within layouts/application
  [1m[36mPost Load (1.2ms)[0m  [1m[34mSELECT "posts".* FROM "posts" WHERE "posts"."sub_id" = $1[0m  [["sub_id", 1]]
  ↳ app/views/subs/show.html.erb:8
  Rendered subs/show.html.erb within layouts/application (10.5ms)
  [1m[36mUser Load (0.6ms)[0m  [1m[34mSELECT  "users".* FROM "users" WHERE "users"."session_token" = $1 LIMIT $2[0m  [["session_token", "mLa2mUghmx6-ADpZ3pqYNQ"], ["LIMIT", 1]]
  ↳ app/controllers/application_controller.rb:5
Completed 200 OK in 96ms (Views: 50.6ms | ActiveRecord: 31.6ms)


Started GET "/posts/new" for ::1 at 2021-05-03 14:33:45 -0700
Processing by PostsController#new as HTML
  [1m[36mUser Load (18.7ms)[0m  [1m[34mSELECT  "users".* FROM "users" WHERE "users"."session_token" = $1 LIMIT $2[0m  [["session_token", "mLa2mUghmx6-ADpZ3pqYNQ"], ["LIMIT", 1]]
  ↳ app/controllers/application_controller.rb:5
  Rendering posts/new.html.erb within layouts/application
  Rendered posts/new.html.erb within layouts/application (1.2ms)
Completed 200 OK in 136ms (Views: 98.2ms | ActiveRecord: 25.7ms)


Started POST "/posts" for ::1 at 2021-05-03 14:33:48 -0700
Processing by PostsController#create as HTML
  Parameters: {"authenticity_token"=>"uWG0SBnfwdYfD3Orf_9QSzxeyZ7caq7t5j5UTcjtKmmnpyyE7qQdPundI4B2iR3yXanpMu0JmD3fi8EtR80ulg", "post"=>{"title"=>"very nice post ", "url"=>"", "content"=>""}}
  [1m[36mUser Load (0.7ms)[0m  [1m[34mSELECT  "users".* FROM "users" WHERE "users"."session_token" = $1 LIMIT $2[0m  [["session_token", "mLa2mUghmx6-ADpZ3pqYNQ"], ["LIMIT", 1]]
  ↳ app/controllers/application_controller.rb:5
  [1m[35m (0.3ms)[0m  [1m[35mBEGIN[0m
  ↳ app/controllers/posts_controller.rb:12
  [1m[36mUser Load (0.3ms)[0m  [1m[34mSELECT  "users".* FROM "users" WHERE "users"."id" = $1 LIMIT $2[0m  [["id", 1], ["LIMIT", 1]]
  ↳ app/controllers/posts_controller.rb:12
  [1m[35m (4.7ms)[0m  [1m[31mROLLBACK[0m
  ↳ app/controllers/posts_controller.rb:12
  Rendering posts/new.html.erb within layouts/application
  Rendered posts/new.html.erb within layouts/application (0.7ms)
Completed 200 OK in 68ms (Views: 48.4ms | ActiveRecord: 6.0ms)


Started POST "/posts" for ::1 at 2021-05-03 14:33:51 -0700
Processing by PostsController#create as HTML
  Parameters: {"authenticity_token"=>"a7sMhB_isD1627n1RB7lmUIcp3jyWIYGkFaxZpge-Kx1fZRI6Jls1YwJ6d5NaKggI-uH1MM7sNap4yQGFz78Uw", "post"=>{"title"=>"very nice post ", "url"=>"", "content"=>""}}
  [1m[36mUser Load (2.1ms)[0m  [1m[34mSELECT  "users".* FROM "users" WHERE "users"."session_token" = $1 LIMIT $2[0m  [["session_token", "mLa2mUghmx6-ADpZ3pqYNQ"], ["LIMIT", 1]]
  ↳ app/controllers/application_controller.rb:5
  [1m[35m (5.2ms)[0m  [1m[35mBEGIN[0m
  ↳ app/controllers/posts_controller.rb:12
  [1m[36mUser Load (2.9ms)[0m  [1m[34mSELECT  "users".* FROM "users" WHERE "users"."id" = $1 LIMIT $2[0m  [["id", 1], ["LIMIT", 1]]
  ↳ app/controllers/posts_controller.rb:12
  [1m[35m (4.3ms)[0m  [1m[31mROLLBACK[0m
  ↳ app/controllers/posts_controller.rb:12
  Rendering posts/new.html.erb within layouts/application
  Rendered posts/new.html.erb within layouts/application (1.0ms)
Completed 200 OK in 68ms (Views: 42.8ms | ActiveRecord: 14.5ms)


Started POST "/posts" for ::1 at 2021-05-03 14:33:51 -0700
Processing by PostsController#create as HTML
  Parameters: {"authenticity_token"=>"mfuFQJCGVrnRVPnGkAj9ZGtYltOWl1uSeTsMYVfnfliHPR2MZ_2KUSeGqe2ZfrDdCq-2f6f0bUJAjpkB2Md6pw", "post"=>{"title"=>"very nice post ", "url"=>"", "content"=>""}}
  [1m[36mUser Load (1.1ms)[0m  [1m[34mSELECT  "users".* FROM "users" WHERE "users"."session_token" = $1 LIMIT $2[0m  [["session_token", "mLa2mUghmx6-ADpZ3pqYNQ"], ["LIMIT", 1]]
  ↳ app/controllers/application_controller.rb:5
  [1m[35m (4.4ms)[0m  [1m[35mBEGIN[0m
  ↳ app/controllers/posts_controller.rb:12
  [1m[36mUser Load (6.5ms)[0m  [1m[34mSELECT  "users".* FROM "users" WHERE "users"."id" = $1 LIMIT $2[0m  [["id", 1], ["LIMIT", 1]]
  ↳ app/controllers/posts_controller.rb:12
  [1m[35m (0.2ms)[0m  [1m[31mROLLBACK[0m
  ↳ app/controllers/posts_controller.rb:12
  Rendering posts/new.html.erb within layouts/application
  Rendered posts/new.html.erb within layouts/application (1.5ms)
Completed 200 OK in 69ms (Views: 47.0ms | ActiveRecord: 12.3ms)


Started POST "/posts" for ::1 at 2021-05-03 14:33:52 -0700
Processing by PostsController#create as HTML
  Parameters: {"authenticity_token"=>"EVehyMPViOhgA0z_DdM2sa_vUYoE-abaWv9RrzqtbJ8PkTkENK5UAJbRHNQEpXsIzhhxJjWakApjSsTPtY1oYA", "post"=>{"title"=>"very nice post ", "url"=>"", "content"=>""}}
  [1m[36mUser Load (1.6ms)[0m  [1m[34mSELECT  "users".* FROM "users" WHERE "users"."session_token" = $1 LIMIT $2[0m  [["session_token", "mLa2mUghmx6-ADpZ3pqYNQ"], ["LIMIT", 1]]
  ↳ app/controllers/application_controller.rb:5
  [1m[35m (2.1ms)[0m  [1m[35mBEGIN[0m
  ↳ app/controllers/posts_controller.rb:12
  [1m[36mUser Load (0.6ms)[0m  [1m[34mSELECT  "users".* FROM "users" WHERE "users"."id" = $1 LIMIT $2[0m  [["id", 1], ["LIMIT", 1]]
  ↳ app/controllers/posts_controller.rb:12
  [1m[35m (0.5ms)[0m  [1m[31mROLLBACK[0m
  ↳ app/controllers/posts_controller.rb:12
  Rendering posts/new.html.erb within layouts/application
  Rendered posts/new.html.erb within layouts/application (0.6ms)
Completed 200 OK in 67ms (Views: 54.0ms | ActiveRecord: 4.8ms)


Started POST "/posts" for ::1 at 2021-05-03 14:34:00 -0700
Processing by PostsController#create as HTML
  Parameters: {"authenticity_token"=>"0SRCsfMKK2uwbJjNIOVEqRtGdjydulMKA61-HhUcnHnP4tp9BHH3g0a-yOYpkwkQerFWkKzZZdo6GOt-mjyYhg", "post"=>{"title"=>"very nice post ", "url"=>"3333333", "content"=>"1111111"}}
  [1m[36mUser Load (25.1ms)[0m  [1m[34mSELECT  "users".* FROM "users" WHERE "users"."session_token" = $1 LIMIT $2[0m  [["session_token", "mLa2mUghmx6-ADpZ3pqYNQ"], ["LIMIT", 1]]
  ↳ app/controllers/application_controller.rb:5
  [1m[35m (4.3ms)[0m  [1m[35mBEGIN[0m
  ↳ app/controllers/posts_controller.rb:12
  [1m[36mUser Load (9.5ms)[0m  [1m[34mSELECT  "users".* FROM "users" WHERE "users"."id" = $1 LIMIT $2[0m  [["id", 1], ["LIMIT", 1]]
  ↳ app/controllers/posts_controller.rb:12
  [1m[35m (1.2ms)[0m  [1m[31mROLLBACK[0m
  ↳ app/controllers/posts_controller.rb:12
  Rendering posts/new.html.erb within layouts/application
  Rendered posts/new.html.erb within layouts/application (0.8ms)
Completed 200 OK in 112ms (Views: 65.2ms | ActiveRecord: 40.0ms)


Started POST "/posts" for ::1 at 2021-05-03 14:34:01 -0700
Processing by PostsController#create as HTML
  Parameters: {"authenticity_token"=>"rgxAuNqQEB03VngWRpjRFbPj9s-aTg6zjfDYbD45rOOwyth0LevM9cGEKD1P7pys0hTWY6stOGO0RU0MsRmoHA", "post"=>{"title"=>"very nice post ", "url"=>"3333333", "content"=>"1111111"}}
  [1m[36mUser Load (2.6ms)[0m  [1m[34mSELECT  "users".* FROM "users" WHERE "users"."session_token" = $1 LIMIT $2[0m  [["session_token", "mLa2mUghmx6-ADpZ3pqYNQ"], ["LIMIT", 1]]
  ↳ app/controllers/application_controller.rb:5
  [1m[35m (0.8ms)[0m  [1m[35mBEGIN[0m
  ↳ app/controllers/posts_controller.rb:12
  [1m[36mUser Load (0.8ms)[0m  [1m[34mSELECT  "users".* FROM "users" WHERE "users"."id" = $1 LIMIT $2[0m  [["id", 1], ["LIMIT", 1]]
  ↳ app/controllers/posts_controller.rb:12
  [1m[35m (1.3ms)[0m  [1m[31mROLLBACK[0m
  ↳ app/controllers/posts_controller.rb:12
  Rendering posts/new.html.erb within layouts/application
  Rendered posts/new.html.erb within layouts/application (0.9ms)
Completed 200 OK in 54ms (Views: 41.7ms | ActiveRecord: 5.5ms)


Started POST "/posts" for ::1 at 2021-05-03 14:34:02 -0700
Processing by PostsController#create as HTML
  Parameters: {"authenticity_token"=>"qKcj_TLDZvZBvhiU9HwYBW7Ips9MQtJHSO8ASJZMCXe2Ybsxxbi6HrdsSL_9ClW8Dz-GY30h5JdxWpUoGWwNiA", "post"=>{"title"=>"very nice post ", "url"=>"3333333", "content"=>"1111111"}}
  [1m[36mUser Load (8.9ms)[0m  [1m[34mSELECT  "users".* FROM "users" WHERE "users"."session_token" = $1 LIMIT $2[0m  [["session_token", "mLa2mUghmx6-ADpZ3pqYNQ"], ["LIMIT", 1]]
  ↳ app/controllers/application_controller.rb:5
  [1m[35m (3.2ms)[0m  [1m[35mBEGIN[0m
  ↳ app/controllers/posts_controller.rb:12
  [1m[36mUser Load (0.5ms)[0m  [1m[34mSELECT  "users".* FROM "users" WHERE "users"."id" = $1 LIMIT $2[0m  [["id", 1], ["LIMIT", 1]]
  ↳ app/controllers/posts_controller.rb:12
  [1m[35m (1.7ms)[0m  [1m[31mROLLBACK[0m
  ↳ app/controllers/posts_controller.rb:12
  Rendering posts/new.html.erb within layouts/application
  Rendered posts/new.html.erb within layouts/application (1.2ms)
Completed 200 OK in 64ms (Views: 39.9ms | ActiveRecord: 14.3ms)


Started GET "/posts" for ::1 at 2021-05-03 14:41:14 -0700
  [1m[35m (8.6ms)[0m  [1m[34mSELECT "schema_migrations"."version" FROM "schema_migrations" ORDER BY "schema_migrations"."version" ASC[0m
  ↳ /Users/ying/.rbenv/versions/2.5.1/lib/ruby/gems/2.5.0/gems/activerecord-5.2.5/lib/active_record/log_subscriber.rb:98
  
ActionController::RoutingError (No route matches [GET] "/posts"):
  
actionpack (5.2.5) lib/action_dispatch/middleware/debug_exceptions.rb:65:in `call'
web-console (3.7.0) lib/web_console/middleware.rb:135:in `call_app'
web-console (3.7.0) lib/web_console/middleware.rb:30:in `block in call'
web-console (3.7.0) lib/web_console/middleware.rb:20:in `catch'
web-console (3.7.0) lib/web_console/middleware.rb:20:in `call'
actionpack (5.2.5) lib/action_dispatch/middleware/show_exceptions.rb:33:in `call'
railties (5.2.5) lib/rails/rack/logger.rb:38:in `call_app'
railties (5.2.5) lib/rails/rack/logger.rb:26:in `block in call'
activesupport (5.2.5) lib/active_support/tagged_logging.rb:71:in `block in tagged'
activesupport (5.2.5) lib/active_support/tagged_logging.rb:28:in `tagged'
activesupport (5.2.5) lib/active_support/tagged_logging.rb:71:in `tagged'
railties (5.2.5) lib/rails/rack/logger.rb:26:in `call'
sprockets-rails (3.2.2) lib/sprockets/rails/quiet_assets.rb:13:in `call'
actionpack (5.2.5) lib/action_dispatch/middleware/remote_ip.rb:81:in `call'
actionpack (5.2.5) lib/action_dispatch/middleware/request_id.rb:27:in `call'
rack (2.2.3) lib/rack/method_override.rb:24:in `call'
rack (2.2.3) lib/rack/runtime.rb:22:in `call'
activesupport (5.2.5) lib/active_support/cache/strategy/local_cache_middleware.rb:29:in `call'
actionpack (5.2.5) lib/action_dispatch/middleware/executor.rb:14:in `call'
actionpack (5.2.5) lib/action_dispatch/middleware/static.rb:127:in `call'
rack (2.2.3) lib/rack/sendfile.rb:110:in `call'
railties (5.2.5) lib/rails/engine.rb:524:in `call'
puma (3.12.6) lib/puma/configuration.rb:227:in `call'
puma (3.12.6) lib/puma/server.rb:706:in `handle_request'
puma (3.12.6) lib/puma/server.rb:476:in `process_client'
puma (3.12.6) lib/puma/server.rb:334:in `block in run'
puma (3.12.6) lib/puma/thread_pool.rb:135:in `block in spawn_thread'
Started GET "/subs/1" for ::1 at 2021-05-03 14:41:23 -0700
Processing by SubsController#show as HTML
  Parameters: {"id"=>"1"}
  [1m[36mSub Load (1.2ms)[0m  [1m[34mSELECT  "subs".* FROM "subs" WHERE "subs"."id" = $1 LIMIT $2[0m  [["id", 1], ["LIMIT", 1]]
  ↳ app/controllers/subs_controller.rb:11
  Rendering subs/show.html.erb within layouts/application
  [1m[36mPost Load (0.5ms)[0m  [1m[34mSELECT "posts".* FROM "posts" WHERE "posts"."sub_id" = $1[0m  [["sub_id", 1]]
  ↳ app/views/subs/show.html.erb:8
  Rendered subs/show.html.erb within layouts/application (22.3ms)
Started GET "/users/1" for ::1 at 2021-05-03 14:41:23 -0700
Processing by UsersController#show as HTML
  Parameters: {"id"=>"1"}
  [1m[36mUser Load (0.7ms)[0m  [1m[34mSELECT  "users".* FROM "users" WHERE "users"."session_token" = $1 LIMIT $2[0m  [["session_token", "mLa2mUghmx6-ADpZ3pqYNQ"], ["LIMIT", 1]]
  ↳ app/controllers/application_controller.rb:5
  [1m[36mUser Load (2.2ms)[0m  [1m[34mSELECT  "users".* FROM "users" WHERE "users"."session_token" = $1 LIMIT $2[0m  [["session_token", "mLa2mUghmx6-ADpZ3pqYNQ"], ["LIMIT", 1]]
  ↳ app/controllers/application_controller.rb:5
Completed 200 OK in 540ms (Views: 478.8ms | ActiveRecord: 28.9ms)


  [1m[36mUser Load (0.6ms)[0m  [1m[34mSELECT  "users".* FROM "users" WHERE "users"."id" = $1 LIMIT $2[0m  [["id", 1], ["LIMIT", 1]]
  ↳ app/controllers/users_controller.rb:27
  Rendering users/show.html.erb within layouts/application
  [1m[36mSub Load (0.6ms)[0m  [1m[34mSELECT "subs".* FROM "subs" WHERE "subs"."user_id" = $1[0m  [["user_id", 1]]
  ↳ app/views/users/show.html.erb:7
  Rendered users/show.html.erb within layouts/application (12.8ms)
Completed 200 OK in 83ms (Views: 46.3ms | ActiveRecord: 29.5ms)


Started GET "/users/1" for ::1 at 2021-05-03 14:41:28 -0700
Processing by UsersController#show as HTML
  Parameters: {"id"=>"1"}
  [1m[36mUser Load (0.5ms)[0m  [1m[34mSELECT  "users".* FROM "users" WHERE "users"."session_token" = $1 LIMIT $2[0m  [["session_token", "mLa2mUghmx6-ADpZ3pqYNQ"], ["LIMIT", 1]]
  ↳ app/controllers/application_controller.rb:5
  [1m[36mUser Load (2.2ms)[0m  [1m[34mSELECT  "users".* FROM "users" WHERE "users"."id" = $1 LIMIT $2[0m  [["id", 1], ["LIMIT", 1]]
  ↳ app/controllers/users_controller.rb:27
  Rendering users/show.html.erb within layouts/application
  [1m[36mSub Load (0.9ms)[0m  [1m[34mSELECT "subs".* FROM "subs" WHERE "subs"."user_id" = $1[0m  [["user_id", 1]]
  ↳ app/views/users/show.html.erb:7
  Rendered users/show.html.erb within layouts/application (3.3ms)
Completed 200 OK in 51ms (Views: 45.1ms | ActiveRecord: 3.6ms)


Started GET "/subs/1" for ::1 at 2021-05-03 14:41:29 -0700
Processing by SubsController#show as HTML
  Parameters: {"id"=>"1"}
  [1m[36mSub Load (0.7ms)[0m  [1m[34mSELECT  "subs".* FROM "subs" WHERE "subs"."id" = $1 LIMIT $2[0m  [["id", 1], ["LIMIT", 1]]
  ↳ app/controllers/subs_controller.rb:11
  Rendering subs/show.html.erb within layouts/application
  [1m[36mPost Load (0.9ms)[0m  [1m[34mSELECT "posts".* FROM "posts" WHERE "posts"."sub_id" = $1[0m  [["sub_id", 1]]
  ↳ app/views/subs/show.html.erb:8
  Rendered subs/show.html.erb within layouts/application (3.9ms)
  [1m[36mUser Load (0.5ms)[0m  [1m[34mSELECT  "users".* FROM "users" WHERE "users"."session_token" = $1 LIMIT $2[0m  [["session_token", "mLa2mUghmx6-ADpZ3pqYNQ"], ["LIMIT", 1]]
  ↳ app/controllers/application_controller.rb:5
Completed 200 OK in 46ms (Views: 40.6ms | ActiveRecord: 2.0ms)


Started GET "/posts/new" for ::1 at 2021-05-03 14:41:31 -0700
Processing by PostsController#new as HTML
  [1m[36mUser Load (4.9ms)[0m  [1m[34mSELECT  "users".* FROM "users" WHERE "users"."session_token" = $1 LIMIT $2[0m  [["session_token", "mLa2mUghmx6-ADpZ3pqYNQ"], ["LIMIT", 1]]
  ↳ app/controllers/application_controller.rb:5
  Rendering posts/new.html.erb within layouts/application
  Rendered posts/new.html.erb within layouts/application (3.0ms)
Completed 500 Internal Server Error in 27ms (ActiveRecord: 10.0ms)


  
ActionView::Template::Error (No route matches {:action=>"create", :controller=>"posts", :sub_id=>nil}, missing required keys: [:sub_id]):
    1: <h1>Make a New Post!</h1>
    2: <form action="<%= sub_posts_url(params[:sub_id])%>" method="Post">
    3: <input type="hidden" name="authenticity_token" value="<%= form_authenticity_token %>">
    4: <label>Title
    5:     <input type="text" name="post[title]" value="<%= @post.title %>">
  
app/views/posts/new.html.erb:2:in `_app_views_posts_new_html_erb__27663697014285127_70120632382540'
app/controllers/posts_controller.rb:6:in `new'
Started GET "/posts/new" for ::1 at 2021-05-03 14:49:43 -0700
  [1m[35m (1.1ms)[0m  [1m[34mSELECT "schema_migrations"."version" FROM "schema_migrations" ORDER BY "schema_migrations"."version" ASC[0m
  ↳ /Users/ying/.rbenv/versions/2.5.1/lib/ruby/gems/2.5.0/gems/activerecord-5.2.5/lib/active_record/log_subscriber.rb:98
Processing by PostsController#show as HTML
  Parameters: {"id"=>"new"}
  [1m[36mUser Load (0.8ms)[0m  [1m[34mSELECT  "users".* FROM "users" WHERE "users"."session_token" = $1 LIMIT $2[0m  [["session_token", "mLa2mUghmx6-ADpZ3pqYNQ"], ["LIMIT", 1]]
  ↳ app/controllers/application_controller.rb:5
  [1m[36mPost Load (0.5ms)[0m  [1m[34mSELECT  "posts".* FROM "posts" WHERE "posts"."user_id" = $1 AND "posts"."id" = $2 LIMIT $3[0m  [["user_id", 1], ["id", 0], ["LIMIT", 1]]
  ↳ app/controllers/posts_controller.rb:31
Completed 500 Internal Server Error in 80ms (ActiveRecord: 12.5ms)


  
ActionView::MissingTemplate (Missing template posts/show, application/show with {:locale=>[:en], :formats=>[:html], :variants=>[], :handlers=>[:raw, :erb, :html, :builder, :ruby, :coffee, :jbuilder]}. Searched in:
  * "/Users/ying/Desktop/aA-ClassWork/w8d1/RedditClone/app/views"
):
  
app/controllers/posts_controller.rb:32:in `show'
Started GET "/subs/new" for ::1 at 2021-05-03 14:49:54 -0700
Processing by SubsController#new as HTML
  [1m[36mUser Load (0.4ms)[0m  [1m[34mSELECT  "users".* FROM "users" WHERE "users"."session_token" = $1 LIMIT $2[0m  [["session_token", "mLa2mUghmx6-ADpZ3pqYNQ"], ["LIMIT", 1]]
  ↳ app/controllers/application_controller.rb:5
  Rendering subs/new.html.erb within layouts/application
  Rendered subs/new.html.erb within layouts/application (1.3ms)
Completed 200 OK in 321ms (Views: 302.1ms | ActiveRecord: 5.8ms)


Started POST "/users/1/subs" for ::1 at 2021-05-03 14:50:03 -0700
Processing by SubsController#create as HTML
  Parameters: {"authenticity_token"=>"hpYS2R9O4IcvRk22_oN8NkPmK1amkXY_1wWWm2UK_QKYUIoV6DU8b9mUHZ339TGPIhEL-pfyQO_usAP76ir5_Q", "sub"=>{"title"=>"Hello 1", "description"=>"Hello world!11111"}, "user_id"=>"1"}
  [1m[36mUser Load (2.0ms)[0m  [1m[34mSELECT  "users".* FROM "users" WHERE "users"."session_token" = $1 LIMIT $2[0m  [["session_token", "mLa2mUghmx6-ADpZ3pqYNQ"], ["LIMIT", 1]]
  ↳ app/controllers/application_controller.rb:5
  [1m[35m (0.2ms)[0m  [1m[35mBEGIN[0m
  ↳ app/controllers/subs_controller.rb:24
  [1m[36mUser Load (0.3ms)[0m  [1m[34mSELECT  "users".* FROM "users" WHERE "users"."id" = $1 LIMIT $2[0m  [["id", 1], ["LIMIT", 1]]
  ↳ app/controllers/subs_controller.rb:24
  [1m[36mSub Create (8.5ms)[0m  [1m[32mINSERT INTO "subs" ("title", "description", "user_id", "created_at", "updated_at") VALUES ($1, $2, $3, $4, $5) RETURNING "id"[0m  [["title", "Hello 1"], ["description", "Hello world!11111"], ["user_id", 1], ["created_at", "2021-05-03 21:50:03.463470"], ["updated_at", "2021-05-03 21:50:03.463470"]]
  ↳ app/controllers/subs_controller.rb:24
  [1m[35m (8.9ms)[0m  [1m[35mCOMMIT[0m
  ↳ app/controllers/subs_controller.rb:24
Redirected to http://localhost:3000/users/1
Completed 302 Found in 44ms (ActiveRecord: 19.9ms)


Started GET "/users/1" for ::1 at 2021-05-03 14:50:03 -0700
Processing by UsersController#show as HTML
  Parameters: {"id"=>"1"}
  [1m[36mUser Load (1.5ms)[0m  [1m[34mSELECT  "users".* FROM "users" WHERE "users"."session_token" = $1 LIMIT $2[0m  [["session_token", "mLa2mUghmx6-ADpZ3pqYNQ"], ["LIMIT", 1]]
  ↳ app/controllers/application_controller.rb:5
  [1m[36mUser Load (3.1ms)[0m  [1m[34mSELECT  "users".* FROM "users" WHERE "users"."id" = $1 LIMIT $2[0m  [["id", 1], ["LIMIT", 1]]
  ↳ app/controllers/users_controller.rb:27
  Rendering users/show.html.erb within layouts/application
  [1m[36mSub Load (1.1ms)[0m  [1m[34mSELECT "subs".* FROM "subs" WHERE "subs"."user_id" = $1[0m  [["user_id", 1]]
  ↳ app/views/users/show.html.erb:7
  Rendered users/show.html.erb within layouts/application (12.6ms)
Completed 200 OK in 55ms (Views: 43.9ms | ActiveRecord: 5.7ms)


Started GET "/subs/2" for ::1 at 2021-05-03 14:50:06 -0700
Processing by SubsController#show as HTML
  Parameters: {"id"=>"2"}
  [1m[36mSub Load (0.3ms)[0m  [1m[34mSELECT  "subs".* FROM "subs" WHERE "subs"."id" = $1 LIMIT $2[0m  [["id", 2], ["LIMIT", 1]]
  ↳ app/controllers/subs_controller.rb:11
  Rendering subs/show.html.erb within layouts/application
  Rendered subs/show.html.erb within layouts/application (126.7ms)
Completed 500 Internal Server Error in 136ms (ActiveRecord: 0.3ms)


  
ActionView::Template::Error (undefined method `new_sub_post' for #<#<Class:0x00007ffd5d15b870>:0x00007ffd5f5ccd30>
Did you mean?  new_sub_path):
    3: <h3>Description</h3>
    4: <h5><%= @sub.description %></h5>
    5: 
    6: <h3><a href="<%= new_sub_post(@sub)%>">Make New Post!</a></h3>
    7:     <ul>
    8:         <% @sub.posts.each do |post|%>
    9:             <li><a href="<%= post_url(post) %>"><%= post.title %></a></li>
  
app/views/subs/show.html.erb:6:in `_app_views_subs_show_html_erb__1717434549352235840_70363072409860'
app/controllers/subs_controller.rb:12:in `show'
Started GET "/subs/2" for ::1 at 2021-05-03 14:50:28 -0700
Processing by SubsController#show as HTML
  Parameters: {"id"=>"2"}
  [1m[36mSub Load (1.4ms)[0m  [1m[34mSELECT  "subs".* FROM "subs" WHERE "subs"."id" = $1 LIMIT $2[0m  [["id", 2], ["LIMIT", 1]]
  ↳ app/controllers/subs_controller.rb:11
  Rendering subs/show.html.erb within layouts/application
  [1m[36mPost Load (0.7ms)[0m  [1m[34mSELECT "posts".* FROM "posts" WHERE "posts"."sub_id" = $1[0m  [["sub_id", 2]]
  ↳ app/views/subs/show.html.erb:8
  Rendered subs/show.html.erb within layouts/application (9.3ms)
  [1m[36mUser Load (0.5ms)[0m  [1m[34mSELECT  "users".* FROM "users" WHERE "users"."session_token" = $1 LIMIT $2[0m  [["session_token", "mLa2mUghmx6-ADpZ3pqYNQ"], ["LIMIT", 1]]
  ↳ app/controllers/application_controller.rb:5
Completed 200 OK in 88ms (Views: 83.2ms | ActiveRecord: 2.6ms)


Started GET "/subs/2/posts/new" for ::1 at 2021-05-03 14:50:31 -0700
Processing by PostsController#new as HTML
  Parameters: {"sub_id"=>"2"}
  [1m[36mUser Load (0.7ms)[0m  [1m[34mSELECT  "users".* FROM "users" WHERE "users"."session_token" = $1 LIMIT $2[0m  [["session_token", "mLa2mUghmx6-ADpZ3pqYNQ"], ["LIMIT", 1]]
  ↳ app/controllers/application_controller.rb:5
  Rendering posts/new.html.erb within layouts/application
  Rendered posts/new.html.erb within layouts/application (0.6ms)
Completed 200 OK in 53ms (Views: 32.0ms | ActiveRecord: 11.5ms)


Started POST "/subs/2/posts" for ::1 at 2021-05-03 14:50:42 -0700
Processing by PostsController#create as HTML
  Parameters: {"authenticity_token"=>"W5tWpPcsLk_j_FTURB0nHOLGjJk8rC1rqk4GJPUBa1BFXc5oAFfypxUuBP9Na2qlgzGsNQ3PG7uT-5NEeiFvrw", "post"=>{"title"=>"very nice post 111", "url"=>"22222", "content"=>"11111"}, "sub_id"=>"2"}
  [1m[36mUser Load (1.3ms)[0m  [1m[34mSELECT  "users".* FROM "users" WHERE "users"."session_token" = $1 LIMIT $2[0m  [["session_token", "mLa2mUghmx6-ADpZ3pqYNQ"], ["LIMIT", 1]]
  ↳ app/controllers/application_controller.rb:5
  [1m[35m (2.7ms)[0m  [1m[35mBEGIN[0m
  ↳ app/controllers/posts_controller.rb:12
  [1m[36mSub Load (1.9ms)[0m  [1m[34mSELECT  "subs".* FROM "subs" WHERE "subs"."id" = $1 LIMIT $2[0m  [["id", 2], ["LIMIT", 1]]
  ↳ app/controllers/posts_controller.rb:12
  [1m[36mUser Load (1.4ms)[0m  [1m[34mSELECT  "users".* FROM "users" WHERE "users"."id" = $1 LIMIT $2[0m  [["id", 1], ["LIMIT", 1]]
  ↳ app/controllers/posts_controller.rb:12
  [1m[36mPost Create (14.7ms)[0m  [1m[32mINSERT INTO "posts" ("title", "url", "content", "sub_id", "user_id", "created_at", "updated_at") VALUES ($1, $2, $3, $4, $5, $6, $7) RETURNING "id"[0m  [["title", "very nice post 111"], ["url", "22222"], ["content", "11111"], ["sub_id", 2], ["user_id", 1], ["created_at", "2021-05-03 21:50:42.129561"], ["updated_at", "2021-05-03 21:50:42.129561"]]
  ↳ app/controllers/posts_controller.rb:12
  [1m[35m (0.9ms)[0m  [1m[35mCOMMIT[0m
  ↳ app/controllers/posts_controller.rb:12
Redirected to http://localhost:3000/users/1
Completed 302 Found in 38ms (ActiveRecord: 22.8ms)


Started GET "/users/1" for ::1 at 2021-05-03 14:50:42 -0700
Processing by UsersController#show as HTML
  Parameters: {"id"=>"1"}
  [1m[36mUser Load (1.2ms)[0m  [1m[34mSELECT  "users".* FROM "users" WHERE "users"."session_token" = $1 LIMIT $2[0m  [["session_token", "mLa2mUghmx6-ADpZ3pqYNQ"], ["LIMIT", 1]]
  ↳ app/controllers/application_controller.rb:5
  [1m[36mUser Load (0.9ms)[0m  [1m[34mSELECT  "users".* FROM "users" WHERE "users"."id" = $1 LIMIT $2[0m  [["id", 1], ["LIMIT", 1]]
  ↳ app/controllers/users_controller.rb:27
  Rendering users/show.html.erb within layouts/application
  [1m[36mSub Load (0.4ms)[0m  [1m[34mSELECT "subs".* FROM "subs" WHERE "subs"."user_id" = $1[0m  [["user_id", 1]]
  ↳ app/views/users/show.html.erb:7
  Rendered users/show.html.erb within layouts/application (4.6ms)
Completed 200 OK in 41ms (Views: 36.3ms | ActiveRecord: 2.4ms)


Started GET "/subs/2" for ::1 at 2021-05-03 14:50:47 -0700
Processing by SubsController#show as HTML
  Parameters: {"id"=>"2"}
  [1m[36mSub Load (1.5ms)[0m  [1m[34mSELECT  "subs".* FROM "subs" WHERE "subs"."id" = $1 LIMIT $2[0m  [["id", 2], ["LIMIT", 1]]
  ↳ app/controllers/subs_controller.rb:11
  Rendering subs/show.html.erb within layouts/application
  [1m[36mPost Load (2.5ms)[0m  [1m[34mSELECT "posts".* FROM "posts" WHERE "posts"."sub_id" = $1[0m  [["sub_id", 2]]
  ↳ app/views/subs/show.html.erb:8
  Rendered subs/show.html.erb within layouts/application (8.1ms)
  [1m[36mUser Load (0.3ms)[0m  [1m[34mSELECT  "users".* FROM "users" WHERE "users"."session_token" = $1 LIMIT $2[0m  [["session_token", "mLa2mUghmx6-ADpZ3pqYNQ"], ["LIMIT", 1]]
  ↳ app/controllers/application_controller.rb:5
Completed 200 OK in 43ms (Views: 37.4ms | ActiveRecord: 4.2ms)


Started GET "/posts/1" for ::1 at 2021-05-03 14:50:49 -0700
Processing by PostsController#show as HTML
  Parameters: {"id"=>"1"}
  [1m[36mUser Load (5.6ms)[0m  [1m[34mSELECT  "users".* FROM "users" WHERE "users"."session_token" = $1 LIMIT $2[0m  [["session_token", "mLa2mUghmx6-ADpZ3pqYNQ"], ["LIMIT", 1]]
  ↳ app/controllers/application_controller.rb:5
  [1m[36mPost Load (0.8ms)[0m  [1m[34mSELECT  "posts".* FROM "posts" WHERE "posts"."user_id" = $1 AND "posts"."id" = $2 LIMIT $3[0m  [["user_id", 1], ["id", 1], ["LIMIT", 1]]
  ↳ app/controllers/posts_controller.rb:31
Completed 500 Internal Server Error in 15ms (ActiveRecord: 6.4ms)


  
ActionView::MissingTemplate (Missing template posts/show, application/show with {:locale=>[:en], :formats=>[:html], :variants=>[], :handlers=>[:raw, :erb, :html, :builder, :ruby, :coffee, :jbuilder]}. Searched in:
  * "/Users/ying/Desktop/aA-ClassWork/w8d1/RedditClone/app/views"
):
  
app/controllers/posts_controller.rb:32:in `show'
Started GET "/subs/2" for ::1 at 2021-05-03 14:50:54 -0700
Processing by SubsController#show as HTML
  Parameters: {"id"=>"2"}
  [1m[36mSub Load (2.7ms)[0m  [1m[34mSELECT  "subs".* FROM "subs" WHERE "subs"."id" = $1 LIMIT $2[0m  [["id", 2], ["LIMIT", 1]]
  ↳ app/controllers/subs_controller.rb:11
  Rendering subs/show.html.erb within layouts/application
  [1m[36mPost Load (11.3ms)[0m  [1m[34mSELECT "posts".* FROM "posts" WHERE "posts"."sub_id" = $1[0m  [["sub_id", 2]]
  ↳ app/views/subs/show.html.erb:8
  Rendered subs/show.html.erb within layouts/application (13.4ms)
  [1m[36mUser Load (0.3ms)[0m  [1m[34mSELECT  "users".* FROM "users" WHERE "users"."session_token" = $1 LIMIT $2[0m  [["session_token", "mLa2mUghmx6-ADpZ3pqYNQ"], ["LIMIT", 1]]
  ↳ app/controllers/application_controller.rb:5
Completed 200 OK in 47ms (Views: 28.8ms | ActiveRecord: 14.2ms)


